{"/Users/amberstruthers/Desktop/uni-software-dev/Dissertation/Code/automist-mobile-3.0/App.js": {"path":"/Users/amberstruthers/Desktop/uni-software-dev/Dissertation/Code/automist-mobile-3.0/App.js","statementMap":{"0":{"start":{"line":26,"column":14},"end":{"line":26,"column":42}},"1":{"start":{"line":27,"column":19},"end":{"line":27,"column":45}},"2":{"start":{"line":31,"column":18},"end":{"line":31,"column":41}},"3":{"start":{"line":32,"column":2},"end":{"line":92,"column":4}},"4":{"start":{"line":34,"column":42},"end":{"line":49,"column":7}},"5":{"start":{"line":40,"column":10},"end":{"line":47,"column":12}},"6":{"start":{"line":45,"column":14},"end":{"line":45,"column":52}},"7":{"start":{"line":59,"column":12},"end":{"line":64,"column":14}},"8":{"start":{"line":67,"column":12},"end":{"line":67,"column":71}},"9":{"start":{"line":79,"column":12},"end":{"line":84,"column":14}},"10":{"start":{"line":87,"column":12},"end":{"line":87,"column":64}},"11":{"start":{"line":97,"column":2},"end":{"line":108,"column":4}},"12":{"start":{"line":114,"column":2},"end":{"line":190,"column":4}},"13":{"start":{"line":195,"column":18},"end":{"line":195,"column":41}},"14":{"start":{"line":196,"column":2},"end":{"line":203,"column":4}},"15":{"start":{"line":207,"column":2},"end":{"line":221,"column":4}}},"fnMap":{"0":{"name":"ProjectsOverview","decl":{"start":{"line":30,"column":9},"end":{"line":30,"column":25}},"loc":{"start":{"line":30,"column":28},"end":{"line":93,"column":1}},"line":30},"1":{"name":"(anonymous_1)","decl":{"start":{"line":34,"column":21},"end":{"line":34,"column":22}},"loc":{"start":{"line":34,"column":42},"end":{"line":49,"column":7}},"line":34},"2":{"name":"(anonymous_2)","decl":{"start":{"line":39,"column":20},"end":{"line":39,"column":21}},"loc":{"start":{"line":40,"column":10},"end":{"line":47,"column":12}},"line":40},"3":{"name":"(anonymous_3)","decl":{"start":{"line":44,"column":21},"end":{"line":44,"column":22}},"loc":{"start":{"line":44,"column":27},"end":{"line":46,"column":13}},"line":44},"4":{"name":"(anonymous_4)","decl":{"start":{"line":58,"column":23},"end":{"line":58,"column":24}},"loc":{"start":{"line":59,"column":12},"end":{"line":64,"column":14}},"line":59},"5":{"name":"(anonymous_5)","decl":{"start":{"line":66,"column":22},"end":{"line":66,"column":23}},"loc":{"start":{"line":67,"column":12},"end":{"line":67,"column":71}},"line":67},"6":{"name":"(anonymous_6)","decl":{"start":{"line":78,"column":23},"end":{"line":78,"column":24}},"loc":{"start":{"line":79,"column":12},"end":{"line":84,"column":14}},"line":79},"7":{"name":"(anonymous_7)","decl":{"start":{"line":86,"column":22},"end":{"line":86,"column":23}},"loc":{"start":{"line":87,"column":12},"end":{"line":87,"column":64}},"line":87},"8":{"name":"AuthStack","decl":{"start":{"line":96,"column":9},"end":{"line":96,"column":18}},"loc":{"start":{"line":96,"column":21},"end":{"line":109,"column":1}},"line":96},"9":{"name":"ProjectsAuthenticated","decl":{"start":{"line":113,"column":9},"end":{"line":113,"column":30}},"loc":{"start":{"line":113,"column":33},"end":{"line":191,"column":1}},"line":113},"10":{"name":"NavigationTree","decl":{"start":{"line":193,"column":9},"end":{"line":193,"column":23}},"loc":{"start":{"line":193,"column":26},"end":{"line":204,"column":1}},"line":193},"11":{"name":"App","decl":{"start":{"line":206,"column":24},"end":{"line":206,"column":27}},"loc":{"start":{"line":206,"column":30},"end":{"line":222,"column":1}},"line":206}},"branchMap":{"0":{"loc":{"start":{"line":199,"column":7},"end":{"line":199,"column":48}},"type":"binary-expr","locations":[{"start":{"line":199,"column":7},"end":{"line":199,"column":31}},{"start":{"line":199,"column":35},"end":{"line":199,"column":48}}],"line":199},"1":{"loc":{"start":{"line":201,"column":7},"end":{"line":201,"column":59}},"type":"binary-expr","locations":[{"start":{"line":201,"column":7},"end":{"line":201,"column":30}},{"start":{"line":201,"column":34},"end":{"line":201,"column":59}}],"line":201}},"s":{"0":0,"1":0,"2":0,"3":0,"4":0,"5":0,"6":0,"7":0,"8":0,"9":0,"10":0,"11":0,"12":0,"13":0,"14":0,"15":0},"f":{"0":0,"1":0,"2":0,"3":0,"4":0,"5":0,"6":0,"7":0,"8":0,"9":0,"10":0,"11":0},"b":{"0":[0,0],"1":[0,0]}}
,"/Users/amberstruthers/Desktop/uni-software-dev/Dissertation/Code/automist-mobile-3.0/NotesToSelf.js": {"path":"/Users/amberstruthers/Desktop/uni-software-dev/Dissertation/Code/automist-mobile-3.0/NotesToSelf.js","statementMap":{},"fnMap":{},"branchMap":{},"s":{},"f":{},"b":{}}
,"/Users/amberstruthers/Desktop/uni-software-dev/Dissertation/Code/automist-mobile-3.0/compare.js": {"path":"/Users/amberstruthers/Desktop/uni-software-dev/Dissertation/Code/automist-mobile-3.0/compare.js","statementMap":{},"fnMap":{},"branchMap":{},"s":{},"f":{},"b":{}}
,"/Users/amberstruthers/Desktop/uni-software-dev/Dissertation/Code/automist-mobile-3.0/components/auth/AuthContent.js": {"path":"/Users/amberstruthers/Desktop/uni-software-dev/Dissertation/Code/automist-mobile-3.0/components/auth/AuthContent.js","statementMap":{"0":{"start":{"line":11,"column":21},"end":{"line":11,"column":36}},"1":{"start":{"line":13,"column":54},"end":{"line":18,"column":4}},"2":{"start":{"line":22,"column":4},"end":{"line":28,"column":5}},"3":{"start":{"line":24,"column":6},"end":{"line":24,"column":42}},"4":{"start":{"line":27,"column":6},"end":{"line":27,"column":34}},"5":{"start":{"line":32,"column":61},"end":{"line":32,"column":72}},"6":{"start":{"line":34,"column":4},"end":{"line":34,"column":25}},"7":{"start":{"line":35,"column":4},"end":{"line":35,"column":31}},"8":{"start":{"line":38,"column":25},"end":{"line":38,"column":44}},"9":{"start":{"line":40,"column":28},"end":{"line":40,"column":47}},"10":{"start":{"line":41,"column":27},"end":{"line":41,"column":49}},"11":{"start":{"line":42,"column":30},"end":{"line":42,"column":58}},"12":{"start":{"line":44,"column":4},"end":{"line":57,"column":5}},"13":{"start":{"line":49,"column":6},"end":{"line":49,"column":77}},"14":{"start":{"line":50,"column":6},"end":{"line":55,"column":9}},"15":{"start":{"line":56,"column":6},"end":{"line":56,"column":13}},"16":{"start":{"line":58,"column":4},"end":{"line":58,"column":40}},"17":{"start":{"line":61,"column":2},"end":{"line":74,"column":4}},"18":{"start":{"line":79,"column":15},"end":{"line":95,"column":2}}},"fnMap":{"0":{"name":"AuthContent","decl":{"start":{"line":10,"column":9},"end":{"line":10,"column":20}},"loc":{"start":{"line":10,"column":50},"end":{"line":75,"column":1}},"line":10},"1":{"name":"switchAuthMode","decl":{"start":{"line":21,"column":11},"end":{"line":21,"column":25}},"loc":{"start":{"line":21,"column":28},"end":{"line":29,"column":3}},"line":21},"2":{"name":"submitHandler","decl":{"start":{"line":31,"column":11},"end":{"line":31,"column":24}},"loc":{"start":{"line":31,"column":38},"end":{"line":59,"column":3}},"line":31}},"branchMap":{"0":{"loc":{"start":{"line":22,"column":4},"end":{"line":28,"column":5}},"type":"if","locations":[{"start":{"line":22,"column":4},"end":{"line":28,"column":5}},{"start":{"line":25,"column":11},"end":{"line":28,"column":5}}],"line":22},"1":{"loc":{"start":{"line":44,"column":4},"end":{"line":57,"column":5}},"type":"if","locations":[{"start":{"line":44,"column":4},"end":{"line":57,"column":5}},{"start":{},"end":{}}],"line":44},"2":{"loc":{"start":{"line":45,"column":6},"end":{"line":47,"column":59}},"type":"binary-expr","locations":[{"start":{"line":45,"column":6},"end":{"line":45,"column":19}},{"start":{"line":46,"column":6},"end":{"line":46,"column":22}},{"start":{"line":47,"column":7},"end":{"line":47,"column":15}},{"start":{"line":47,"column":20},"end":{"line":47,"column":35}},{"start":{"line":47,"column":39},"end":{"line":47,"column":57}}],"line":45},"3":{"loc":{"start":{"line":52,"column":22},"end":{"line":52,"column":54}},"type":"binary-expr","locations":[{"start":{"line":52,"column":22},"end":{"line":52,"column":35}},{"start":{"line":52,"column":39},"end":{"line":52,"column":54}}],"line":52},"4":{"loc":{"start":{"line":54,"column":25},"end":{"line":54,"column":63}},"type":"binary-expr","locations":[{"start":{"line":54,"column":25},"end":{"line":54,"column":41}},{"start":{"line":54,"column":45},"end":{"line":54,"column":63}}],"line":54},"5":{"loc":{"start":{"line":70,"column":11},"end":{"line":70,"column":59}},"type":"cond-expr","locations":[{"start":{"line":70,"column":21},"end":{"line":70,"column":40}},{"start":{"line":70,"column":43},"end":{"line":70,"column":59}}],"line":70}},"s":{"0":0,"1":0,"2":0,"3":0,"4":0,"5":0,"6":0,"7":0,"8":0,"9":0,"10":0,"11":0,"12":0,"13":0,"14":0,"15":0,"16":0,"17":0,"18":0},"f":{"0":0,"1":0,"2":0},"b":{"0":[0,0],"1":[0,0],"2":[0,0,0,0,0],"3":[0,0],"4":[0,0],"5":[0,0]}}
,"/Users/amberstruthers/Desktop/uni-software-dev/Dissertation/Code/automist-mobile-3.0/components/auth/AuthForm.js": {"path":"/Users/amberstruthers/Desktop/uni-software-dev/Dissertation/Code/automist-mobile-3.0/components/auth/AuthForm.js","statementMap":{"0":{"start":{"line":8,"column":42},"end":{"line":8,"column":54}},"1":{"start":{"line":9,"column":56},"end":{"line":9,"column":68}},"2":{"start":{"line":10,"column":48},"end":{"line":10,"column":60}},"3":{"start":{"line":11,"column":62},"end":{"line":11,"column":74}},"4":{"start":{"line":18,"column":6},"end":{"line":18,"column":24}},"5":{"start":{"line":21,"column":4},"end":{"line":34,"column":5}},"6":{"start":{"line":23,"column":8},"end":{"line":23,"column":38}},"7":{"start":{"line":24,"column":8},"end":{"line":24,"column":14}},"8":{"start":{"line":26,"column":8},"end":{"line":26,"column":45}},"9":{"start":{"line":27,"column":8},"end":{"line":27,"column":14}},"10":{"start":{"line":29,"column":8},"end":{"line":29,"column":41}},"11":{"start":{"line":30,"column":8},"end":{"line":30,"column":14}},"12":{"start":{"line":32,"column":8},"end":{"line":32,"column":48}},"13":{"start":{"line":33,"column":8},"end":{"line":33,"column":14}},"14":{"start":{"line":38,"column":4},"end":{"line":43,"column":7}},"15":{"start":{"line":46,"column":2},"end":{"line":94,"column":4}},"16":{"start":{"line":99,"column":15},"end":{"line":103,"column":2}}},"fnMap":{"0":{"name":"AuthForm","decl":{"start":{"line":7,"column":9},"end":{"line":7,"column":17}},"loc":{"start":{"line":7,"column":61},"end":{"line":95,"column":1}},"line":7},"1":{"name":"updateAuthInputValueHandler","decl":{"start":{"line":20,"column":11},"end":{"line":20,"column":38}},"loc":{"start":{"line":20,"column":68},"end":{"line":35,"column":3}},"line":20},"2":{"name":"submitHandler","decl":{"start":{"line":37,"column":11},"end":{"line":37,"column":24}},"loc":{"start":{"line":37,"column":27},"end":{"line":44,"column":3}},"line":37}},"branchMap":{"0":{"loc":{"start":{"line":21,"column":4},"end":{"line":34,"column":5}},"type":"switch","locations":[{"start":{"line":22,"column":6},"end":{"line":24,"column":14}},{"start":{"line":25,"column":6},"end":{"line":27,"column":14}},{"start":{"line":28,"column":6},"end":{"line":30,"column":14}},{"start":{"line":31,"column":6},"end":{"line":33,"column":14}}],"line":21},"1":{"loc":{"start":{"line":56,"column":9},"end":{"line":67,"column":9}},"type":"binary-expr","locations":[{"start":{"line":56,"column":9},"end":{"line":56,"column":17}},{"start":{"line":57,"column":10},"end":{"line":66,"column":12}}],"line":56},"2":{"loc":{"start":{"line":75,"column":9},"end":{"line":86,"column":9}},"type":"binary-expr","locations":[{"start":{"line":75,"column":9},"end":{"line":75,"column":17}},{"start":{"line":76,"column":10},"end":{"line":85,"column":12}}],"line":75},"3":{"loc":{"start":{"line":89,"column":13},"end":{"line":89,"column":43}},"type":"cond-expr","locations":[{"start":{"line":89,"column":23},"end":{"line":89,"column":31}},{"start":{"line":89,"column":34},"end":{"line":89,"column":43}}],"line":89}},"s":{"0":0,"1":0,"2":0,"3":0,"4":0,"5":0,"6":0,"7":0,"8":0,"9":0,"10":0,"11":0,"12":0,"13":0,"14":0,"15":0,"16":0},"f":{"0":0,"1":0,"2":0},"b":{"0":[0,0,0,0],"1":[0,0],"2":[0,0],"3":[0,0]}}
,"/Users/amberstruthers/Desktop/uni-software-dev/Dissertation/Code/automist-mobile-3.0/components/auth/AuthInput.js": {"path":"/Users/amberstruthers/Desktop/uni-software-dev/Dissertation/Code/automist-mobile-3.0/components/auth/AuthInput.js","statementMap":{"0":{"start":{"line":14,"column":2},"end":{"line":29,"column":4}},"1":{"start":{"line":34,"column":15},"end":{"line":61,"column":2}}},"fnMap":{"0":{"name":"AuthInput","decl":{"start":{"line":6,"column":9},"end":{"line":6,"column":18}},"loc":{"start":{"line":13,"column":3},"end":{"line":30,"column":1}},"line":13}},"branchMap":{"0":{"loc":{"start":{"line":16,"column":34},"end":{"line":16,"column":66}},"type":"binary-expr","locations":[{"start":{"line":16,"column":34},"end":{"line":16,"column":43}},{"start":{"line":16,"column":47},"end":{"line":16,"column":66}}],"line":16},"1":{"loc":{"start":{"line":21,"column":34},"end":{"line":21,"column":70}},"type":"binary-expr","locations":[{"start":{"line":21,"column":34},"end":{"line":21,"column":43}},{"start":{"line":21,"column":47},"end":{"line":21,"column":70}}],"line":21}},"s":{"0":0,"1":0},"f":{"0":0},"b":{"0":[0,0],"1":[0,0]}}
,"/Users/amberstruthers/Desktop/uni-software-dev/Dissertation/Code/automist-mobile-3.0/components/functional/IssueComponents/IssueInputForm.js": {"path":"/Users/amberstruthers/Desktop/uni-software-dev/Dissertation/Code/automist-mobile-3.0/components/functional/IssueComponents/IssueInputForm.js","statementMap":{"0":{"start":{"line":14,"column":30},"end":{"line":37,"column":4}},"1":{"start":{"line":41,"column":4},"end":{"line":46,"column":7}},"2":{"start":{"line":42,"column":6},"end":{"line":45,"column":8}},"3":{"start":{"line":49,"column":22},"end":{"line":54,"column":5}},"4":{"start":{"line":57,"column":30},"end":{"line":57,"column":68}},"5":{"start":{"line":58,"column":36},"end":{"line":58,"column":75}},"6":{"start":{"line":60,"column":6},"end":{"line":60,"column":56}},"7":{"start":{"line":62,"column":6},"end":{"line":62,"column":58}},"8":{"start":{"line":65,"column":4},"end":{"line":92,"column":5}},"9":{"start":{"line":71,"column":6},"end":{"line":90,"column":9}},"10":{"start":{"line":72,"column":8},"end":{"line":89,"column":10}},"11":{"start":{"line":91,"column":6},"end":{"line":91,"column":13}},"12":{"start":{"line":93,"column":4},"end":{"line":93,"column":24}},"13":{"start":{"line":96,"column":4},"end":{"line":99,"column":32}},"14":{"start":{"line":101,"column":2},"end":{"line":166,"column":4}},"15":{"start":{"line":171,"column":15},"end":{"line":206,"column":2}}},"fnMap":{"0":{"name":"IssueInputForm","decl":{"start":{"line":11,"column":9},"end":{"line":11,"column":23}},"loc":{"start":{"line":11,"column":63},"end":{"line":167,"column":1}},"line":11},"1":{"name":"inputChangedHandler","decl":{"start":{"line":40,"column":11},"end":{"line":40,"column":30}},"loc":{"start":{"line":40,"column":62},"end":{"line":47,"column":3}},"line":40},"2":{"name":"(anonymous_2)","decl":{"start":{"line":41,"column":14},"end":{"line":41,"column":15}},"loc":{"start":{"line":41,"column":29},"end":{"line":46,"column":5}},"line":41},"3":{"name":"submitHandler","decl":{"start":{"line":48,"column":11},"end":{"line":48,"column":24}},"loc":{"start":{"line":48,"column":27},"end":{"line":94,"column":3}},"line":48},"4":{"name":"(anonymous_4)","decl":{"start":{"line":71,"column":16},"end":{"line":71,"column":17}},"loc":{"start":{"line":71,"column":31},"end":{"line":90,"column":7}},"line":71}},"branchMap":{"0":{"loc":{"start":{"line":18,"column":13},"end":{"line":18,"column":69}},"type":"cond-expr","locations":[{"start":{"line":18,"column":29},"end":{"line":18,"column":64}},{"start":{"line":18,"column":67},"end":{"line":18,"column":69}}],"line":18},"1":{"loc":{"start":{"line":22,"column":13},"end":{"line":22,"column":75}},"type":"cond-expr","locations":[{"start":{"line":22,"column":29},"end":{"line":22,"column":70}},{"start":{"line":22,"column":73},"end":{"line":22,"column":75}}],"line":22},"2":{"loc":{"start":{"line":26,"column":13},"end":{"line":28,"column":12}},"type":"cond-expr","locations":[{"start":{"line":27,"column":10},"end":{"line":27,"column":61}},{"start":{"line":28,"column":10},"end":{"line":28,"column":12}}],"line":26},"3":{"loc":{"start":{"line":32,"column":13},"end":{"line":34,"column":12}},"type":"cond-expr","locations":[{"start":{"line":33,"column":10},"end":{"line":33,"column":63}},{"start":{"line":34,"column":10},"end":{"line":34,"column":12}}],"line":32},"4":{"loc":{"start":{"line":65,"column":4},"end":{"line":92,"column":5}},"type":"if","locations":[{"start":{"line":65,"column":4},"end":{"line":92,"column":5}},{"start":{},"end":{}}],"line":65},"5":{"loc":{"start":{"line":66,"column":6},"end":{"line":69,"column":26}},"type":"binary-expr","locations":[{"start":{"line":66,"column":6},"end":{"line":66,"column":24}},{"start":{"line":67,"column":6},"end":{"line":67,"column":30}},{"start":{"line":68,"column":6},"end":{"line":68,"column":24}},{"start":{"line":69,"column":6},"end":{"line":69,"column":26}}],"line":66},"6":{"loc":{"start":{"line":96,"column":4},"end":{"line":99,"column":32}},"type":"binary-expr","locations":[{"start":{"line":96,"column":4},"end":{"line":96,"column":30}},{"start":{"line":97,"column":4},"end":{"line":97,"column":36}},{"start":{"line":98,"column":4},"end":{"line":98,"column":30}},{"start":{"line":99,"column":4},"end":{"line":99,"column":32}}],"line":96},"7":{"loc":{"start":{"line":155,"column":9},"end":{"line":155,"column":72}},"type":"binary-expr","locations":[{"start":{"line":155,"column":9},"end":{"line":155,"column":22}},{"start":{"line":155,"column":26},"end":{"line":155,"column":72}}],"line":155}},"s":{"0":0,"1":0,"2":0,"3":0,"4":0,"5":0,"6":0,"7":0,"8":0,"9":0,"10":0,"11":0,"12":0,"13":0,"14":0,"15":0},"f":{"0":0,"1":0,"2":0,"3":0,"4":0},"b":{"0":[0,0],"1":[0,0],"2":[0,0],"3":[0,0],"4":[0,0],"5":[0,0,0,0],"6":[0,0,0,0],"7":[0,0]}}
,"/Users/amberstruthers/Desktop/uni-software-dev/Dissertation/Code/automist-mobile-3.0/components/functional/IssueComponents/IssueItem.js": {"path":"/Users/amberstruthers/Desktop/uni-software-dev/Dissertation/Code/automist-mobile-3.0/components/functional/IssueComponents/IssueItem.js","statementMap":{"0":{"start":{"line":22,"column":21},"end":{"line":22,"column":36}},"1":{"start":{"line":23,"column":16},"end":{"line":23,"column":26}},"2":{"start":{"line":24,"column":20},"end":{"line":24,"column":45}},"3":{"start":{"line":25,"column":24},"end":{"line":25,"column":51}},"4":{"start":{"line":26,"column":20},"end":{"line":26,"column":35}},"5":{"start":{"line":29,"column":4},"end":{"line":29,"column":41}},"6":{"start":{"line":32,"column":2},"end":{"line":63,"column":4}},"7":{"start":{"line":48,"column":16},"end":{"line":48,"column":65}},"8":{"start":{"line":55,"column":16},"end":{"line":55,"column":35}},"9":{"start":{"line":68,"column":15},"end":{"line":121,"column":2}}},"fnMap":{"0":{"name":"IssueItem","decl":{"start":{"line":14,"column":9},"end":{"line":14,"column":18}},"loc":{"start":{"line":21,"column":3},"end":{"line":64,"column":1}},"line":21},"1":{"name":"deleteIssueHandler","decl":{"start":{"line":28,"column":11},"end":{"line":28,"column":29}},"loc":{"start":{"line":28,"column":45},"end":{"line":30,"column":3}},"line":28},"2":{"name":"(anonymous_2)","decl":{"start":{"line":47,"column":23},"end":{"line":47,"column":24}},"loc":{"start":{"line":47,"column":29},"end":{"line":49,"column":15}},"line":47},"3":{"name":"(anonymous_3)","decl":{"start":{"line":54,"column":23},"end":{"line":54,"column":24}},"loc":{"start":{"line":54,"column":29},"end":{"line":56,"column":15}},"line":54}},"branchMap":{},"s":{"0":0,"1":0,"2":0,"3":0,"4":0,"5":0,"6":0,"7":0,"8":0,"9":0},"f":{"0":0,"1":0,"2":0,"3":0},"b":{}}
,"/Users/amberstruthers/Desktop/uni-software-dev/Dissertation/Code/automist-mobile-3.0/components/functional/IssueComponents/IssueList.js": {"path":"/Users/amberstruthers/Desktop/uni-software-dev/Dissertation/Code/automist-mobile-3.0/components/functional/IssueComponents/IssueList.js","statementMap":{"0":{"start":{"line":14,"column":2},"end":{"line":14,"column":42}},"1":{"start":{"line":18,"column":2},"end":{"line":30,"column":4}},"2":{"start":{"line":27,"column":32},"end":{"line":27,"column":39}},"3":{"start":{"line":35,"column":15},"end":{"line":54,"column":2}}},"fnMap":{"0":{"name":"renderIssue","decl":{"start":{"line":13,"column":9},"end":{"line":13,"column":20}},"loc":{"start":{"line":13,"column":31},"end":{"line":15,"column":1}},"line":13},"1":{"name":"IssueList","decl":{"start":{"line":17,"column":9},"end":{"line":17,"column":18}},"loc":{"start":{"line":17,"column":31},"end":{"line":31,"column":1}},"line":17},"2":{"name":"(anonymous_2)","decl":{"start":{"line":27,"column":22},"end":{"line":27,"column":23}},"loc":{"start":{"line":27,"column":32},"end":{"line":27,"column":39}},"line":27}},"branchMap":{},"s":{"0":0,"1":0,"2":0,"3":0},"f":{"0":0,"1":0,"2":0},"b":{}}
,"/Users/amberstruthers/Desktop/uni-software-dev/Dissertation/Code/automist-mobile-3.0/components/functional/ProjectComponents/ProjectInputForm.js": {"path":"/Users/amberstruthers/Desktop/uni-software-dev/Dissertation/Code/automist-mobile-3.0/components/functional/ProjectComponents/ProjectInputForm.js","statementMap":{"0":{"start":{"line":16,"column":30},"end":{"line":41,"column":4}},"1":{"start":{"line":45,"column":4},"end":{"line":52,"column":7}},"2":{"start":{"line":47,"column":6},"end":{"line":51,"column":8}},"3":{"start":{"line":56,"column":24},"end":{"line":61,"column":5}},"4":{"start":{"line":64,"column":25},"end":{"line":64,"column":60}},"5":{"start":{"line":65,"column":24},"end":{"line":65,"column":70}},"6":{"start":{"line":67,"column":31},"end":{"line":67,"column":67}},"7":{"start":{"line":68,"column":28},"end":{"line":68,"column":78}},"8":{"start":{"line":70,"column":4},"end":{"line":93,"column":5}},"9":{"start":{"line":78,"column":6},"end":{"line":91,"column":9}},"10":{"start":{"line":79,"column":8},"end":{"line":90,"column":10}},"11":{"start":{"line":92,"column":6},"end":{"line":92,"column":13}},"12":{"start":{"line":95,"column":4},"end":{"line":95,"column":26}},"13":{"start":{"line":100,"column":4},"end":{"line":103,"column":28}},"14":{"start":{"line":105,"column":2},"end":{"line":181,"column":4}},"15":{"start":{"line":186,"column":15},"end":{"line":221,"column":2}}},"fnMap":{"0":{"name":"ProjectInputForm","decl":{"start":{"line":8,"column":9},"end":{"line":8,"column":25}},"loc":{"start":{"line":13,"column":3},"end":{"line":182,"column":1}},"line":13},"1":{"name":"inputChangedHandler","decl":{"start":{"line":44,"column":11},"end":{"line":44,"column":30}},"loc":{"start":{"line":44,"column":62},"end":{"line":53,"column":3}},"line":44},"2":{"name":"(anonymous_2)","decl":{"start":{"line":45,"column":14},"end":{"line":45,"column":15}},"loc":{"start":{"line":45,"column":29},"end":{"line":52,"column":5}},"line":45},"3":{"name":"submitHandler","decl":{"start":{"line":55,"column":11},"end":{"line":55,"column":24}},"loc":{"start":{"line":55,"column":27},"end":{"line":96,"column":3}},"line":55},"4":{"name":"(anonymous_4)","decl":{"start":{"line":78,"column":16},"end":{"line":78,"column":17}},"loc":{"start":{"line":78,"column":31},"end":{"line":91,"column":7}},"line":78}},"branchMap":{"0":{"loc":{"start":{"line":20,"column":13},"end":{"line":20,"column":64}},"type":"cond-expr","locations":[{"start":{"line":20,"column":29},"end":{"line":20,"column":59}},{"start":{"line":20,"column":62},"end":{"line":20,"column":64}}],"line":20},"1":{"loc":{"start":{"line":25,"column":13},"end":{"line":25,"column":79}},"type":"cond-expr","locations":[{"start":{"line":25,"column":29},"end":{"line":25,"column":74}},{"start":{"line":25,"column":77},"end":{"line":25,"column":79}}],"line":25},"2":{"loc":{"start":{"line":30,"column":13},"end":{"line":30,"column":70}},"type":"cond-expr","locations":[{"start":{"line":30,"column":29},"end":{"line":30,"column":65}},{"start":{"line":30,"column":68},"end":{"line":30,"column":70}}],"line":30},"3":{"loc":{"start":{"line":35,"column":13},"end":{"line":37,"column":12}},"type":"cond-expr","locations":[{"start":{"line":36,"column":10},"end":{"line":36,"column":59}},{"start":{"line":37,"column":10},"end":{"line":37,"column":12}}],"line":35},"4":{"loc":{"start":{"line":70,"column":4},"end":{"line":93,"column":5}},"type":"if","locations":[{"start":{"line":70,"column":4},"end":{"line":93,"column":5}},{"start":{},"end":{}}],"line":70},"5":{"loc":{"start":{"line":71,"column":6},"end":{"line":74,"column":22}},"type":"binary-expr","locations":[{"start":{"line":71,"column":6},"end":{"line":71,"column":19}},{"start":{"line":72,"column":6},"end":{"line":72,"column":18}},{"start":{"line":73,"column":6},"end":{"line":73,"column":25}},{"start":{"line":74,"column":6},"end":{"line":74,"column":22}}],"line":71},"6":{"loc":{"start":{"line":100,"column":4},"end":{"line":103,"column":28}},"type":"binary-expr","locations":[{"start":{"line":100,"column":4},"end":{"line":100,"column":25}},{"start":{"line":101,"column":4},"end":{"line":101,"column":24}},{"start":{"line":102,"column":4},"end":{"line":102,"column":31}},{"start":{"line":103,"column":4},"end":{"line":103,"column":28}}],"line":100},"7":{"loc":{"start":{"line":159,"column":7},"end":{"line":159,"column":70}},"type":"binary-expr","locations":[{"start":{"line":159,"column":7},"end":{"line":159,"column":20}},{"start":{"line":159,"column":24},"end":{"line":159,"column":70}}],"line":159}},"s":{"0":0,"1":0,"2":0,"3":0,"4":0,"5":0,"6":0,"7":0,"8":0,"9":0,"10":0,"11":0,"12":0,"13":0,"14":0,"15":0},"f":{"0":0,"1":0,"2":0,"3":0,"4":0},"b":{"0":[0,0],"1":[0,0],"2":[0,0],"3":[0,0],"4":[0,0],"5":[0,0,0,0],"6":[0,0,0,0],"7":[0,0]}}
,"/Users/amberstruthers/Desktop/uni-software-dev/Dissertation/Code/automist-mobile-3.0/components/functional/ProjectComponents/ProjectItem.js": {"path":"/Users/amberstruthers/Desktop/uni-software-dev/Dissertation/Code/automist-mobile-3.0/components/functional/ProjectComponents/ProjectItem.js","statementMap":{"0":{"start":{"line":21,"column":21},"end":{"line":21,"column":36}},"1":{"start":{"line":27,"column":4},"end":{"line":27,"column":51}},"2":{"start":{"line":30,"column":2},"end":{"line":50,"column":4}},"3":{"start":{"line":32,"column":30},"end":{"line":32,"column":55}},"4":{"start":{"line":55,"column":15},"end":{"line":93,"column":2}}},"fnMap":{"0":{"name":"ProjectItem","decl":{"start":{"line":9,"column":9},"end":{"line":9,"column":20}},"loc":{"start":{"line":19,"column":3},"end":{"line":51,"column":1}},"line":19},"1":{"name":"projectPressHandler","decl":{"start":{"line":23,"column":11},"end":{"line":23,"column":30}},"loc":{"start":{"line":23,"column":33},"end":{"line":28,"column":3}},"line":23},"2":{"name":"(anonymous_2)","decl":{"start":{"line":32,"column":13},"end":{"line":32,"column":14}},"loc":{"start":{"line":32,"column":30},"end":{"line":32,"column":55}},"line":32}},"branchMap":{"0":{"loc":{"start":{"line":32,"column":30},"end":{"line":32,"column":55}},"type":"binary-expr","locations":[{"start":{"line":32,"column":30},"end":{"line":32,"column":37}},{"start":{"line":32,"column":41},"end":{"line":32,"column":55}}],"line":32}},"s":{"0":0,"1":0,"2":0,"3":0,"4":0},"f":{"0":0,"1":0,"2":0},"b":{"0":[0,0]}}
,"/Users/amberstruthers/Desktop/uni-software-dev/Dissertation/Code/automist-mobile-3.0/components/functional/ProjectComponents/ProjectsList.js": {"path":"/Users/amberstruthers/Desktop/uni-software-dev/Dissertation/Code/automist-mobile-3.0/components/functional/ProjectComponents/ProjectsList.js","statementMap":{"0":{"start":{"line":5,"column":2},"end":{"line":5,"column":44}},"1":{"start":{"line":9,"column":2},"end":{"line":16,"column":4}},"2":{"start":{"line":14,"column":30},"end":{"line":14,"column":37}}},"fnMap":{"0":{"name":"renderProjectItem","decl":{"start":{"line":4,"column":9},"end":{"line":4,"column":26}},"loc":{"start":{"line":4,"column":37},"end":{"line":6,"column":1}},"line":4},"1":{"name":"ProjectList","decl":{"start":{"line":8,"column":9},"end":{"line":8,"column":20}},"loc":{"start":{"line":8,"column":35},"end":{"line":17,"column":1}},"line":8},"2":{"name":"(anonymous_2)","decl":{"start":{"line":14,"column":20},"end":{"line":14,"column":21}},"loc":{"start":{"line":14,"column":30},"end":{"line":14,"column":37}},"line":14}},"branchMap":{},"s":{"0":0,"1":0,"2":0},"f":{"0":0,"1":0,"2":0},"b":{}}
,"/Users/amberstruthers/Desktop/uni-software-dev/Dissertation/Code/automist-mobile-3.0/components/functional/ProjectComponents/ProjectsOutput.js": {"path":"/Users/amberstruthers/Desktop/uni-software-dev/Dissertation/Code/automist-mobile-3.0/components/functional/ProjectComponents/ProjectsOutput.js","statementMap":{"0":{"start":{"line":10,"column":16},"end":{"line":10,"column":67}},"1":{"start":{"line":13,"column":2},"end":{"line":15,"column":3}},"2":{"start":{"line":14,"column":4},"end":{"line":14,"column":50}},"3":{"start":{"line":16,"column":2},"end":{"line":22,"column":4}},"4":{"start":{"line":27,"column":15},"end":{"line":41,"column":2}}},"fnMap":{"0":{"name":"ProjectsOutput","decl":{"start":{"line":9,"column":9},"end":{"line":9,"column":23}},"loc":{"start":{"line":9,"column":67},"end":{"line":23,"column":1}},"line":9}},"branchMap":{"0":{"loc":{"start":{"line":13,"column":2},"end":{"line":15,"column":3}},"type":"if","locations":[{"start":{"line":13,"column":2},"end":{"line":15,"column":3}},{"start":{},"end":{}}],"line":13}},"s":{"0":0,"1":0,"2":0,"3":0,"4":0},"f":{"0":0},"b":{"0":[0,0]}}
,"/Users/amberstruthers/Desktop/uni-software-dev/Dissertation/Code/automist-mobile-3.0/components/functional/ProjectComponents/ProjectsSummary.js": {"path":"/Users/amberstruthers/Desktop/uni-software-dev/Dissertation/Code/automist-mobile-3.0/components/functional/ProjectComponents/ProjectsSummary.js","statementMap":{"0":{"start":{"line":10,"column":2},"end":{"line":15,"column":4}},"1":{"start":{"line":20,"column":15},"end":{"line":32,"column":2}}},"fnMap":{"0":{"name":"ProjectSummary","decl":{"start":{"line":8,"column":9},"end":{"line":8,"column":23}},"loc":{"start":{"line":8,"column":50},"end":{"line":16,"column":1}},"line":8}},"branchMap":{},"s":{"0":0,"1":0},"f":{"0":0},"b":{}}
,"/Users/amberstruthers/Desktop/uni-software-dev/Dissertation/Code/automist-mobile-3.0/components/functional/TaskComponents/AddTaskInputForm.js": {"path":"/Users/amberstruthers/Desktop/uni-software-dev/Dissertation/Code/automist-mobile-3.0/components/functional/TaskComponents/AddTaskInputForm.js","statementMap":{"0":{"start":{"line":15,"column":26},"end":{"line":15,"column":34}},"1":{"start":{"line":17,"column":18},"end":{"line":20,"column":3}},"2":{"start":{"line":18,"column":4},"end":{"line":18,"column":25}},"3":{"start":{"line":19,"column":4},"end":{"line":19,"column":18}},"4":{"start":{"line":22,"column":2},"end":{"line":30,"column":4}},"5":{"start":{"line":24,"column":32},"end":{"line":24,"column":45}},"6":{"start":{"line":35,"column":15},"end":{"line":60,"column":2}}},"fnMap":{"0":{"name":"AddTaskInput","decl":{"start":{"line":14,"column":9},"end":{"line":14,"column":21}},"loc":{"start":{"line":14,"column":33},"end":{"line":31,"column":1}},"line":14},"1":{"name":"(anonymous_1)","decl":{"start":{"line":17,"column":18},"end":{"line":17,"column":19}},"loc":{"start":{"line":17,"column":29},"end":{"line":20,"column":3}},"line":17},"2":{"name":"(anonymous_2)","decl":{"start":{"line":24,"column":26},"end":{"line":24,"column":27}},"loc":{"start":{"line":24,"column":32},"end":{"line":24,"column":45}},"line":24}},"branchMap":{},"s":{"0":0,"1":0,"2":0,"3":0,"4":0,"5":0,"6":0},"f":{"0":0,"1":0,"2":0},"b":{}}
,"/Users/amberstruthers/Desktop/uni-software-dev/Dissertation/Code/automist-mobile-3.0/components/functional/TaskComponents/TaskItem.js": {"path":"/Users/amberstruthers/Desktop/uni-software-dev/Dissertation/Code/automist-mobile-3.0/components/functional/TaskComponents/TaskItem.js","statementMap":{"0":{"start":{"line":18,"column":21},"end":{"line":18,"column":36}},"1":{"start":{"line":20,"column":34},"end":{"line":20,"column":49}},"2":{"start":{"line":21,"column":16},"end":{"line":21,"column":26}},"3":{"start":{"line":22,"column":19},"end":{"line":22,"column":43}},"4":{"start":{"line":25,"column":4},"end":{"line":25,"column":28}},"5":{"start":{"line":28,"column":2},"end":{"line":52,"column":4}},"6":{"start":{"line":46,"column":40},"end":{"line":46,"column":61}},"7":{"start":{"line":57,"column":15},"end":{"line":98,"column":2}}},"fnMap":{"0":{"name":"TaskItem","decl":{"start":{"line":17,"column":9},"end":{"line":17,"column":17}},"loc":{"start":{"line":17,"column":55},"end":{"line":53,"column":1}},"line":17},"1":{"name":"deleteTask","decl":{"start":{"line":24,"column":11},"end":{"line":24,"column":21}},"loc":{"start":{"line":24,"column":26},"end":{"line":26,"column":3}},"line":24},"2":{"name":"(anonymous_2)","decl":{"start":{"line":46,"column":25},"end":{"line":46,"column":26}},"loc":{"start":{"line":46,"column":40},"end":{"line":46,"column":61}},"line":46}},"branchMap":{},"s":{"0":0,"1":0,"2":0,"3":0,"4":0,"5":0,"6":0,"7":0},"f":{"0":0,"1":0,"2":0},"b":{}}
,"/Users/amberstruthers/Desktop/uni-software-dev/Dissertation/Code/automist-mobile-3.0/components/functional/TaskComponents/TaskList.js": {"path":"/Users/amberstruthers/Desktop/uni-software-dev/Dissertation/Code/automist-mobile-3.0/components/functional/TaskComponents/TaskList.js","statementMap":{"0":{"start":{"line":15,"column":2},"end":{"line":15,"column":41}},"1":{"start":{"line":19,"column":2},"end":{"line":30,"column":4}},"2":{"start":{"line":26,"column":34},"end":{"line":26,"column":41}},"3":{"start":{"line":68,"column":15},"end":{"line":86,"column":2}}},"fnMap":{"0":{"name":"renderTask","decl":{"start":{"line":14,"column":9},"end":{"line":14,"column":19}},"loc":{"start":{"line":14,"column":30},"end":{"line":16,"column":1}},"line":14},"1":{"name":"TaskList","decl":{"start":{"line":18,"column":9},"end":{"line":18,"column":17}},"loc":{"start":{"line":18,"column":29},"end":{"line":31,"column":1}},"line":18},"2":{"name":"(anonymous_2)","decl":{"start":{"line":26,"column":24},"end":{"line":26,"column":25}},"loc":{"start":{"line":26,"column":34},"end":{"line":26,"column":41}},"line":26}},"branchMap":{},"s":{"0":0,"1":0,"2":0,"3":0},"f":{"0":0,"1":0,"2":0},"b":{}}
,"/Users/amberstruthers/Desktop/uni-software-dev/Dissertation/Code/automist-mobile-3.0/components/functional/ui/CustomButton.js": {"path":"/Users/amberstruthers/Desktop/uni-software-dev/Dissertation/Code/automist-mobile-3.0/components/functional/ui/CustomButton.js","statementMap":{"0":{"start":{"line":5,"column":2},"end":{"line":18,"column":4}},"1":{"start":{"line":9,"column":32},"end":{"line":9,"column":57}},"2":{"start":{"line":23,"column":15},"end":{"line":48,"column":2}}},"fnMap":{"0":{"name":"CustomButton","decl":{"start":{"line":4,"column":9},"end":{"line":4,"column":21}},"loc":{"start":{"line":4,"column":58},"end":{"line":19,"column":1}},"line":4},"1":{"name":"(anonymous_1)","decl":{"start":{"line":9,"column":15},"end":{"line":9,"column":16}},"loc":{"start":{"line":9,"column":32},"end":{"line":9,"column":57}},"line":9}},"branchMap":{"0":{"loc":{"start":{"line":9,"column":32},"end":{"line":9,"column":57}},"type":"binary-expr","locations":[{"start":{"line":9,"column":32},"end":{"line":9,"column":39}},{"start":{"line":9,"column":43},"end":{"line":9,"column":57}}],"line":9},"1":{"loc":{"start":{"line":11,"column":37},"end":{"line":11,"column":67}},"type":"binary-expr","locations":[{"start":{"line":11,"column":37},"end":{"line":11,"column":52}},{"start":{"line":11,"column":56},"end":{"line":11,"column":67}}],"line":11},"2":{"loc":{"start":{"line":12,"column":43},"end":{"line":12,"column":77}},"type":"binary-expr","locations":[{"start":{"line":12,"column":43},"end":{"line":12,"column":58}},{"start":{"line":12,"column":62},"end":{"line":12,"column":77}}],"line":12}},"s":{"0":0,"1":0,"2":0},"f":{"0":0,"1":0},"b":{"0":[0,0],"1":[0,0],"2":[0,0]}}
,"/Users/amberstruthers/Desktop/uni-software-dev/Dissertation/Code/automist-mobile-3.0/components/functional/ui/ErrorIndicator.js": {"path":"/Users/amberstruthers/Desktop/uni-software-dev/Dissertation/Code/automist-mobile-3.0/components/functional/ui/ErrorIndicator.js","statementMap":{"0":{"start":{"line":6,"column":2},"end":{"line":13,"column":4}},"1":{"start":{"line":18,"column":15},"end":{"line":38,"column":2}}},"fnMap":{"0":{"name":"ErrorIndicator","decl":{"start":{"line":5,"column":9},"end":{"line":5,"column":23}},"loc":{"start":{"line":5,"column":48},"end":{"line":14,"column":1}},"line":5}},"branchMap":{},"s":{"0":0,"1":0},"f":{"0":0},"b":{}}
,"/Users/amberstruthers/Desktop/uni-software-dev/Dissertation/Code/automist-mobile-3.0/components/functional/ui/FlatButton.js": {"path":"/Users/amberstruthers/Desktop/uni-software-dev/Dissertation/Code/automist-mobile-3.0/components/functional/ui/FlatButton.js","statementMap":{"0":{"start":{"line":6,"column":2},"end":{"line":15,"column":4}},"1":{"start":{"line":8,"column":30},"end":{"line":8,"column":72}},"2":{"start":{"line":20,"column":15},"end":{"line":32,"column":2}}},"fnMap":{"0":{"name":"FlatButton","decl":{"start":{"line":5,"column":9},"end":{"line":5,"column":19}},"loc":{"start":{"line":5,"column":43},"end":{"line":16,"column":1}},"line":5},"1":{"name":"(anonymous_1)","decl":{"start":{"line":8,"column":13},"end":{"line":8,"column":14}},"loc":{"start":{"line":8,"column":30},"end":{"line":8,"column":72}},"line":8}},"branchMap":{"0":{"loc":{"start":{"line":8,"column":46},"end":{"line":8,"column":71}},"type":"binary-expr","locations":[{"start":{"line":8,"column":46},"end":{"line":8,"column":53}},{"start":{"line":8,"column":57},"end":{"line":8,"column":71}}],"line":8}},"s":{"0":0,"1":0,"2":0},"f":{"0":0,"1":0},"b":{"0":[0,0]}}
,"/Users/amberstruthers/Desktop/uni-software-dev/Dissertation/Code/automist-mobile-3.0/components/functional/ui/IconButton.js": {"path":"/Users/amberstruthers/Desktop/uni-software-dev/Dissertation/Code/automist-mobile-3.0/components/functional/ui/IconButton.js","statementMap":{"0":{"start":{"line":5,"column":2},"end":{"line":14,"column":4}},"1":{"start":{"line":8,"column":30},"end":{"line":8,"column":55}},"2":{"start":{"line":19,"column":15},"end":{"line":29,"column":2}}},"fnMap":{"0":{"name":"IconButton","decl":{"start":{"line":4,"column":9},"end":{"line":4,"column":19}},"loc":{"start":{"line":4,"column":52},"end":{"line":15,"column":1}},"line":4},"1":{"name":"(anonymous_1)","decl":{"start":{"line":8,"column":13},"end":{"line":8,"column":14}},"loc":{"start":{"line":8,"column":30},"end":{"line":8,"column":55}},"line":8}},"branchMap":{"0":{"loc":{"start":{"line":8,"column":30},"end":{"line":8,"column":55}},"type":"binary-expr","locations":[{"start":{"line":8,"column":30},"end":{"line":8,"column":37}},{"start":{"line":8,"column":41},"end":{"line":8,"column":55}}],"line":8}},"s":{"0":0,"1":0,"2":0},"f":{"0":0,"1":0},"b":{"0":[0,0]}}
,"/Users/amberstruthers/Desktop/uni-software-dev/Dissertation/Code/automist-mobile-3.0/components/functional/ui/Input.js": {"path":"/Users/amberstruthers/Desktop/uni-software-dev/Dissertation/Code/automist-mobile-3.0/components/functional/ui/Input.js","statementMap":{"0":{"start":{"line":6,"column":22},"end":{"line":6,"column":36}},"1":{"start":{"line":8,"column":2},"end":{"line":10,"column":3}},"2":{"start":{"line":9,"column":4},"end":{"line":9,"column":44}},"3":{"start":{"line":11,"column":2},"end":{"line":13,"column":3}},"4":{"start":{"line":12,"column":4},"end":{"line":12,"column":42}},"5":{"start":{"line":14,"column":2},"end":{"line":22,"column":4}},"6":{"start":{"line":27,"column":15},"end":{"line":59,"column":2}}},"fnMap":{"0":{"name":"Input","decl":{"start":{"line":5,"column":9},"end":{"line":5,"column":14}},"loc":{"start":{"line":5,"column":59},"end":{"line":23,"column":1}},"line":5}},"branchMap":{"0":{"loc":{"start":{"line":8,"column":2},"end":{"line":10,"column":3}},"type":"if","locations":[{"start":{"line":8,"column":2},"end":{"line":10,"column":3}},{"start":{},"end":{}}],"line":8},"1":{"loc":{"start":{"line":8,"column":6},"end":{"line":8,"column":50}},"type":"binary-expr","locations":[{"start":{"line":8,"column":6},"end":{"line":8,"column":21}},{"start":{"line":8,"column":25},"end":{"line":8,"column":50}}],"line":8},"2":{"loc":{"start":{"line":11,"column":2},"end":{"line":13,"column":3}},"type":"if","locations":[{"start":{"line":11,"column":2},"end":{"line":13,"column":3}},{"start":{},"end":{}}],"line":11},"3":{"loc":{"start":{"line":17,"column":34},"end":{"line":17,"column":64}},"type":"binary-expr","locations":[{"start":{"line":17,"column":34},"end":{"line":17,"column":41}},{"start":{"line":17,"column":45},"end":{"line":17,"column":64}}],"line":17}},"s":{"0":0,"1":0,"2":0,"3":0,"4":0,"5":0,"6":0},"f":{"0":0},"b":{"0":[0,0],"1":[0,0],"2":[0,0],"3":[0,0]}}
,"/Users/amberstruthers/Desktop/uni-software-dev/Dissertation/Code/automist-mobile-3.0/components/functional/ui/LoadingSpinner.js": {"path":"/Users/amberstruthers/Desktop/uni-software-dev/Dissertation/Code/automist-mobile-3.0/components/functional/ui/LoadingSpinner.js","statementMap":{"0":{"start":{"line":5,"column":2},"end":{"line":10,"column":4}},"1":{"start":{"line":15,"column":15},"end":{"line":28,"column":2}}},"fnMap":{"0":{"name":"LoadingSpinner","decl":{"start":{"line":4,"column":9},"end":{"line":4,"column":23}},"loc":{"start":{"line":4,"column":37},"end":{"line":11,"column":1}},"line":4}},"branchMap":{},"s":{"0":0,"1":0},"f":{"0":0},"b":{}}
,"/Users/amberstruthers/Desktop/uni-software-dev/Dissertation/Code/automist-mobile-3.0/screens/issue-screens/IssuesOverview.js": {"path":"/Users/amberstruthers/Desktop/uni-software-dev/Dissertation/Code/automist-mobile-3.0/screens/issue-screens/IssuesOverview.js","statementMap":{"0":{"start":{"line":11,"column":2},"end":{"line":15,"column":4}}},"fnMap":{"0":{"name":"IssuesOverview","decl":{"start":{"line":10,"column":9},"end":{"line":10,"column":23}},"loc":{"start":{"line":10,"column":36},"end":{"line":16,"column":1}},"line":10}},"branchMap":{},"s":{"0":0},"f":{"0":0},"b":{}}
,"/Users/amberstruthers/Desktop/uni-software-dev/Dissertation/Code/automist-mobile-3.0/screens/issue-screens/UpdateIssue.js": {"path":"/Users/amberstruthers/Desktop/uni-software-dev/Dissertation/Code/automist-mobile-3.0/screens/issue-screens/UpdateIssue.js","statementMap":{"0":{"start":{"line":8,"column":20},"end":{"line":8,"column":45}},"1":{"start":{"line":9,"column":24},"end":{"line":9,"column":51}},"2":{"start":{"line":10,"column":20},"end":{"line":10,"column":35}},"3":{"start":{"line":11,"column":24},"end":{"line":13,"column":3}},"4":{"start":{"line":12,"column":15},"end":{"line":12,"column":41}},"5":{"start":{"line":16,"column":4},"end":{"line":16,"column":24}},"6":{"start":{"line":20,"column":4},"end":{"line":28,"column":5}},"7":{"start":{"line":21,"column":6},"end":{"line":27,"column":9}},"8":{"start":{"line":29,"column":4},"end":{"line":29,"column":24}},"9":{"start":{"line":31,"column":2},"end":{"line":39,"column":4}},"10":{"start":{"line":44,"column":15},"end":{"line":49,"column":2}}},"fnMap":{"0":{"name":"UpdateIssue","decl":{"start":{"line":7,"column":9},"end":{"line":7,"column":20}},"loc":{"start":{"line":7,"column":44},"end":{"line":40,"column":1}},"line":7},"1":{"name":"(anonymous_1)","decl":{"start":{"line":12,"column":4},"end":{"line":12,"column":5}},"loc":{"start":{"line":12,"column":15},"end":{"line":12,"column":41}},"line":12},"2":{"name":"cancelHandler","decl":{"start":{"line":15,"column":11},"end":{"line":15,"column":24}},"loc":{"start":{"line":15,"column":27},"end":{"line":17,"column":3}},"line":15},"3":{"name":"updateHandler","decl":{"start":{"line":19,"column":11},"end":{"line":19,"column":24}},"loc":{"start":{"line":19,"column":27},"end":{"line":30,"column":3}},"line":19}},"branchMap":{"0":{"loc":{"start":{"line":20,"column":4},"end":{"line":28,"column":5}},"type":"if","locations":[{"start":{"line":20,"column":4},"end":{"line":28,"column":5}},{"start":{},"end":{}}],"line":20}},"s":{"0":0,"1":0,"2":0,"3":0,"4":0,"5":0,"6":0,"7":0,"8":0,"9":0,"10":0},"f":{"0":0,"1":0,"2":0,"3":0},"b":{"0":[0,0]}}
,"/Users/amberstruthers/Desktop/uni-software-dev/Dissertation/Code/automist-mobile-3.0/screens/login-screens/CreateAccount.js": {"path":"/Users/amberstruthers/Desktop/uni-software-dev/Dissertation/Code/automist-mobile-3.0/screens/login-screens/CreateAccount.js","statementMap":{"0":{"start":{"line":10,"column":50},"end":{"line":10,"column":65}},"1":{"start":{"line":11,"column":18},"end":{"line":11,"column":41}},"2":{"start":{"line":15,"column":4},"end":{"line":15,"column":30}},"3":{"start":{"line":16,"column":4},"end":{"line":23,"column":5}},"4":{"start":{"line":18,"column":20},"end":{"line":18,"column":53}},"5":{"start":{"line":20,"column":6},"end":{"line":20,"column":34}},"6":{"start":{"line":22,"column":6},"end":{"line":22,"column":43}},"7":{"start":{"line":26,"column":4},"end":{"line":26,"column":31}},"8":{"start":{"line":30,"column":2},"end":{"line":32,"column":3}},"9":{"start":{"line":31,"column":4},"end":{"line":31,"column":57}},"10":{"start":{"line":34,"column":2},"end":{"line":34,"column":64}}},"fnMap":{"0":{"name":"CreateAccount","decl":{"start":{"line":8,"column":9},"end":{"line":8,"column":22}},"loc":{"start":{"line":8,"column":25},"end":{"line":35,"column":1}},"line":8},"1":{"name":"manageAccountCreation","decl":{"start":{"line":13,"column":17},"end":{"line":13,"column":38}},"loc":{"start":{"line":13,"column":60},"end":{"line":27,"column":3}},"line":13}},"branchMap":{"0":{"loc":{"start":{"line":30,"column":2},"end":{"line":32,"column":3}},"type":"if","locations":[{"start":{"line":30,"column":2},"end":{"line":32,"column":3}},{"start":{},"end":{}}],"line":30}},"s":{"0":0,"1":0,"2":0,"3":0,"4":0,"5":0,"6":0,"7":0,"8":0,"9":0,"10":0},"f":{"0":0,"1":0},"b":{"0":[0,0]}}
,"/Users/amberstruthers/Desktop/uni-software-dev/Dissertation/Code/automist-mobile-3.0/screens/login-screens/Login.js": {"path":"/Users/amberstruthers/Desktop/uni-software-dev/Dissertation/Code/automist-mobile-3.0/screens/login-screens/Login.js","statementMap":{"0":{"start":{"line":10,"column":50},"end":{"line":10,"column":65}},"1":{"start":{"line":11,"column":18},"end":{"line":11,"column":41}},"2":{"start":{"line":16,"column":4},"end":{"line":16,"column":30}},"3":{"start":{"line":18,"column":4},"end":{"line":26,"column":5}},"4":{"start":{"line":20,"column":20},"end":{"line":20,"column":48}},"5":{"start":{"line":22,"column":6},"end":{"line":22,"column":34}},"6":{"start":{"line":25,"column":6},"end":{"line":25,"column":43}},"7":{"start":{"line":28,"column":4},"end":{"line":28,"column":31}},"8":{"start":{"line":32,"column":2},"end":{"line":34,"column":3}},"9":{"start":{"line":33,"column":4},"end":{"line":33,"column":51}},"10":{"start":{"line":36,"column":2},"end":{"line":36,"column":62}}},"fnMap":{"0":{"name":"Login","decl":{"start":{"line":8,"column":9},"end":{"line":8,"column":14}},"loc":{"start":{"line":8,"column":17},"end":{"line":37,"column":1}},"line":8},"1":{"name":"manageLogin","decl":{"start":{"line":14,"column":17},"end":{"line":14,"column":28}},"loc":{"start":{"line":14,"column":50},"end":{"line":29,"column":3}},"line":14}},"branchMap":{"0":{"loc":{"start":{"line":32,"column":2},"end":{"line":34,"column":3}},"type":"if","locations":[{"start":{"line":32,"column":2},"end":{"line":34,"column":3}},{"start":{},"end":{}}],"line":32}},"s":{"0":0,"1":0,"2":0,"3":0,"4":0,"5":0,"6":0,"7":0,"8":0,"9":0,"10":0},"f":{"0":0,"1":0},"b":{"0":[0,0]}}
,"/Users/amberstruthers/Desktop/uni-software-dev/Dissertation/Code/automist-mobile-3.0/screens/project-screens/AllProjects.js": {"path":"/Users/amberstruthers/Desktop/uni-software-dev/Dissertation/Code/automist-mobile-3.0/screens/project-screens/AllProjects.js","statementMap":{"0":{"start":{"line":11,"column":22},"end":{"line":11,"column":49}},"1":{"start":{"line":12,"column":2},"end":{"line":21,"column":4}}},"fnMap":{"0":{"name":"AllProjects","decl":{"start":{"line":8,"column":9},"end":{"line":8,"column":20}},"loc":{"start":{"line":8,"column":23},"end":{"line":22,"column":1}},"line":8}},"branchMap":{},"s":{"0":0,"1":0},"f":{"0":0},"b":{}}
,"/Users/amberstruthers/Desktop/uni-software-dev/Dissertation/Code/automist-mobile-3.0/screens/project-screens/EditProject.js": {"path":"/Users/amberstruthers/Desktop/uni-software-dev/Dissertation/Code/automist-mobile-3.0/screens/project-screens/EditProject.js","statementMap":{"0":{"start":{"line":18,"column":44},"end":{"line":18,"column":54}},"1":{"start":{"line":20,"column":28},"end":{"line":20,"column":38}},"2":{"start":{"line":21,"column":22},"end":{"line":21,"column":49}},"3":{"start":{"line":23,"column":19},"end":{"line":23,"column":35}},"4":{"start":{"line":25,"column":20},"end":{"line":25,"column":30}},"5":{"start":{"line":27,"column":26},"end":{"line":29,"column":3}},"6":{"start":{"line":28,"column":17},"end":{"line":28,"column":40}},"7":{"start":{"line":31,"column":2},"end":{"line":35,"column":30}},"8":{"start":{"line":32,"column":4},"end":{"line":34,"column":7}},"9":{"start":{"line":39,"column":4},"end":{"line":39,"column":27}},"10":{"start":{"line":40,"column":4},"end":{"line":49,"column":5}},"11":{"start":{"line":41,"column":6},"end":{"line":41,"column":36}},"12":{"start":{"line":43,"column":6},"end":{"line":43,"column":42}},"13":{"start":{"line":45,"column":6},"end":{"line":45,"column":26}},"14":{"start":{"line":47,"column":6},"end":{"line":47,"column":43}},"15":{"start":{"line":48,"column":6},"end":{"line":48,"column":30}},"16":{"start":{"line":53,"column":4},"end":{"line":53,"column":24}},"17":{"start":{"line":59,"column":4},"end":{"line":59,"column":27}},"18":{"start":{"line":60,"column":4},"end":{"line":70,"column":5}},"19":{"start":{"line":61,"column":6},"end":{"line":66,"column":7}},"20":{"start":{"line":63,"column":8},"end":{"line":63,"column":57}},"21":{"start":{"line":65,"column":8},"end":{"line":65,"column":51}},"22":{"start":{"line":67,"column":6},"end":{"line":67,"column":26}},"23":{"start":{"line":69,"column":6},"end":{"line":69,"column":48}},"24":{"start":{"line":74,"column":2},"end":{"line":76,"column":3}},"25":{"start":{"line":75,"column":4},"end":{"line":75,"column":46}},"26":{"start":{"line":78,"column":2},"end":{"line":81,"column":3}},"27":{"start":{"line":80,"column":4},"end":{"line":80,"column":68}},"28":{"start":{"line":83,"column":2},"end":{"line":103,"column":4}},"29":{"start":{"line":108,"column":15},"end":{"line":121,"column":2}}},"fnMap":{"0":{"name":"EditProject","decl":{"start":{"line":17,"column":9},"end":{"line":17,"column":20}},"loc":{"start":{"line":17,"column":44},"end":{"line":104,"column":1}},"line":17},"1":{"name":"(anonymous_1)","decl":{"start":{"line":28,"column":4},"end":{"line":28,"column":5}},"loc":{"start":{"line":28,"column":17},"end":{"line":28,"column":40}},"line":28},"2":{"name":"(anonymous_2)","decl":{"start":{"line":31,"column":18},"end":{"line":31,"column":19}},"loc":{"start":{"line":31,"column":24},"end":{"line":35,"column":3}},"line":31},"3":{"name":"deleteProjectHandler","decl":{"start":{"line":37,"column":17},"end":{"line":37,"column":37}},"loc":{"start":{"line":37,"column":40},"end":{"line":50,"column":3}},"line":37},"4":{"name":"cancelHandler","decl":{"start":{"line":52,"column":11},"end":{"line":52,"column":24}},"loc":{"start":{"line":52,"column":27},"end":{"line":54,"column":3}},"line":52},"5":{"name":"confirmHandler","decl":{"start":{"line":57,"column":17},"end":{"line":57,"column":31}},"loc":{"start":{"line":57,"column":45},"end":{"line":71,"column":3}},"line":57}},"branchMap":{"0":{"loc":{"start":{"line":61,"column":6},"end":{"line":66,"column":7}},"type":"if","locations":[{"start":{"line":61,"column":6},"end":{"line":66,"column":7}},{"start":{},"end":{}}],"line":61},"1":{"loc":{"start":{"line":74,"column":2},"end":{"line":76,"column":3}},"type":"if","locations":[{"start":{"line":74,"column":2},"end":{"line":76,"column":3}},{"start":{},"end":{}}],"line":74},"2":{"loc":{"start":{"line":74,"column":6},"end":{"line":74,"column":29}},"type":"binary-expr","locations":[{"start":{"line":74,"column":6},"end":{"line":74,"column":11}},{"start":{"line":74,"column":15},"end":{"line":74,"column":29}}],"line":74},"3":{"loc":{"start":{"line":78,"column":2},"end":{"line":81,"column":3}},"type":"if","locations":[{"start":{"line":78,"column":2},"end":{"line":81,"column":3}},{"start":{},"end":{}}],"line":78},"4":{"loc":{"start":{"line":92,"column":7},"end":{"line":101,"column":7}},"type":"binary-expr","locations":[{"start":{"line":92,"column":7},"end":{"line":92,"column":16}},{"start":{"line":93,"column":8},"end":{"line":100,"column":15}}],"line":92}},"s":{"0":0,"1":0,"2":0,"3":0,"4":0,"5":0,"6":0,"7":0,"8":0,"9":0,"10":0,"11":0,"12":0,"13":0,"14":0,"15":0,"16":0,"17":0,"18":0,"19":0,"20":0,"21":0,"22":0,"23":0,"24":0,"25":0,"26":0,"27":0,"28":0,"29":0},"f":{"0":0,"1":0,"2":0,"3":0,"4":0,"5":0},"b":{"0":[0,0],"1":[0,0],"2":[0,0],"3":[0,0],"4":[0,0]}}
,"/Users/amberstruthers/Desktop/uni-software-dev/Dissertation/Code/automist-mobile-3.0/screens/project-screens/ManageProjects.js": {"path":"/Users/amberstruthers/Desktop/uni-software-dev/Dissertation/Code/automist-mobile-3.0/screens/project-screens/ManageProjects.js","statementMap":{"0":{"start":{"line":14,"column":44},"end":{"line":14,"column":54}},"1":{"start":{"line":16,"column":28},"end":{"line":16,"column":38}},"2":{"start":{"line":17,"column":22},"end":{"line":17,"column":49}},"3":{"start":{"line":19,"column":19},"end":{"line":19,"column":35}},"4":{"start":{"line":21,"column":20},"end":{"line":21,"column":30}},"5":{"start":{"line":23,"column":26},"end":{"line":25,"column":3}},"6":{"start":{"line":24,"column":17},"end":{"line":24,"column":40}},"7":{"start":{"line":27,"column":2},"end":{"line":32,"column":30}},"8":{"start":{"line":29,"column":4},"end":{"line":31,"column":7}},"9":{"start":{"line":36,"column":4},"end":{"line":36,"column":27}},"10":{"start":{"line":37,"column":4},"end":{"line":46,"column":5}},"11":{"start":{"line":38,"column":6},"end":{"line":38,"column":36}},"12":{"start":{"line":40,"column":6},"end":{"line":40,"column":42}},"13":{"start":{"line":42,"column":6},"end":{"line":42,"column":26}},"14":{"start":{"line":44,"column":6},"end":{"line":44,"column":43}},"15":{"start":{"line":45,"column":6},"end":{"line":45,"column":30}},"16":{"start":{"line":50,"column":4},"end":{"line":50,"column":24}},"17":{"start":{"line":56,"column":4},"end":{"line":56,"column":27}},"18":{"start":{"line":57,"column":4},"end":{"line":72,"column":5}},"19":{"start":{"line":58,"column":6},"end":{"line":68,"column":7}},"20":{"start":{"line":60,"column":8},"end":{"line":60,"column":57}},"21":{"start":{"line":62,"column":8},"end":{"line":62,"column":51}},"22":{"start":{"line":66,"column":19},"end":{"line":66,"column":50}},"23":{"start":{"line":67,"column":8},"end":{"line":67,"column":59}},"24":{"start":{"line":69,"column":6},"end":{"line":69,"column":26}},"25":{"start":{"line":71,"column":6},"end":{"line":71,"column":48}},"26":{"start":{"line":76,"column":2},"end":{"line":78,"column":3}},"27":{"start":{"line":77,"column":4},"end":{"line":77,"column":46}},"28":{"start":{"line":80,"column":2},"end":{"line":83,"column":3}},"29":{"start":{"line":82,"column":4},"end":{"line":82,"column":68}},"30":{"start":{"line":85,"column":2},"end":{"line":105,"column":4}},"31":{"start":{"line":110,"column":15},"end":{"line":123,"column":2}}},"fnMap":{"0":{"name":"ManageProjects","decl":{"start":{"line":13,"column":9},"end":{"line":13,"column":23}},"loc":{"start":{"line":13,"column":47},"end":{"line":106,"column":1}},"line":13},"1":{"name":"(anonymous_1)","decl":{"start":{"line":24,"column":4},"end":{"line":24,"column":5}},"loc":{"start":{"line":24,"column":17},"end":{"line":24,"column":40}},"line":24},"2":{"name":"(anonymous_2)","decl":{"start":{"line":27,"column":18},"end":{"line":27,"column":19}},"loc":{"start":{"line":27,"column":24},"end":{"line":32,"column":3}},"line":27},"3":{"name":"deleteProjectHandler","decl":{"start":{"line":34,"column":17},"end":{"line":34,"column":37}},"loc":{"start":{"line":34,"column":40},"end":{"line":47,"column":3}},"line":34},"4":{"name":"cancelHandler","decl":{"start":{"line":49,"column":11},"end":{"line":49,"column":24}},"loc":{"start":{"line":49,"column":27},"end":{"line":51,"column":3}},"line":49},"5":{"name":"confirmHandler","decl":{"start":{"line":54,"column":17},"end":{"line":54,"column":31}},"loc":{"start":{"line":54,"column":45},"end":{"line":73,"column":3}},"line":54}},"branchMap":{"0":{"loc":{"start":{"line":30,"column":13},"end":{"line":30,"column":55}},"type":"cond-expr","locations":[{"start":{"line":30,"column":25},"end":{"line":30,"column":39}},{"start":{"line":30,"column":42},"end":{"line":30,"column":55}}],"line":30},"1":{"loc":{"start":{"line":58,"column":6},"end":{"line":68,"column":7}},"type":"if","locations":[{"start":{"line":58,"column":6},"end":{"line":68,"column":7}},{"start":{"line":63,"column":13},"end":{"line":68,"column":7}}],"line":58},"2":{"loc":{"start":{"line":76,"column":2},"end":{"line":78,"column":3}},"type":"if","locations":[{"start":{"line":76,"column":2},"end":{"line":78,"column":3}},{"start":{},"end":{}}],"line":76},"3":{"loc":{"start":{"line":76,"column":6},"end":{"line":76,"column":29}},"type":"binary-expr","locations":[{"start":{"line":76,"column":6},"end":{"line":76,"column":11}},{"start":{"line":76,"column":15},"end":{"line":76,"column":29}}],"line":76},"4":{"loc":{"start":{"line":80,"column":2},"end":{"line":83,"column":3}},"type":"if","locations":[{"start":{"line":80,"column":2},"end":{"line":83,"column":3}},{"start":{},"end":{}}],"line":80},"5":{"loc":{"start":{"line":90,"column":27},"end":{"line":90,"column":55}},"type":"cond-expr","locations":[{"start":{"line":90,"column":39},"end":{"line":90,"column":47}},{"start":{"line":90,"column":50},"end":{"line":90,"column":55}}],"line":90},"6":{"loc":{"start":{"line":94,"column":7},"end":{"line":103,"column":7}},"type":"binary-expr","locations":[{"start":{"line":94,"column":7},"end":{"line":94,"column":16}},{"start":{"line":95,"column":8},"end":{"line":102,"column":15}}],"line":94}},"s":{"0":0,"1":0,"2":0,"3":0,"4":0,"5":0,"6":0,"7":0,"8":0,"9":0,"10":0,"11":0,"12":0,"13":0,"14":0,"15":0,"16":0,"17":0,"18":0,"19":0,"20":0,"21":0,"22":0,"23":0,"24":0,"25":0,"26":0,"27":0,"28":0,"29":0,"30":0,"31":0},"f":{"0":0,"1":0,"2":0,"3":0,"4":0,"5":0},"b":{"0":[0,0],"1":[0,0],"2":[0,0],"3":[0,0],"4":[0,0],"5":[0,0],"6":[0,0]}}
,"/Users/amberstruthers/Desktop/uni-software-dev/Dissertation/Code/automist-mobile-3.0/screens/project-screens/RecentProjects.js": {"path":"/Users/amberstruthers/Desktop/uni-software-dev/Dissertation/Code/automist-mobile-3.0/screens/project-screens/RecentProjects.js","statementMap":{"0":{"start":{"line":13,"column":38},"end":{"line":13,"column":52}},"1":{"start":{"line":15,"column":28},"end":{"line":15,"column":38}},"2":{"start":{"line":18,"column":22},"end":{"line":18,"column":49}},"3":{"start":{"line":21,"column":2},"end":{"line":38,"column":9}},"4":{"start":{"line":23,"column":6},"end":{"line":23,"column":26}},"5":{"start":{"line":25,"column":6},"end":{"line":32,"column":7}},"6":{"start":{"line":27,"column":25},"end":{"line":27,"column":46}},"7":{"start":{"line":28,"column":8},"end":{"line":28,"column":42}},"8":{"start":{"line":31,"column":8},"end":{"line":31,"column":45}},"9":{"start":{"line":34,"column":6},"end":{"line":34,"column":27}},"10":{"start":{"line":37,"column":4},"end":{"line":37,"column":18}},"11":{"start":{"line":42,"column":4},"end":{"line":42,"column":19}},"12":{"start":{"line":45,"column":2},"end":{"line":48,"column":3}},"13":{"start":{"line":47,"column":4},"end":{"line":47,"column":71}},"14":{"start":{"line":50,"column":2},"end":{"line":53,"column":3}},"15":{"start":{"line":52,"column":4},"end":{"line":52,"column":66}},"16":{"start":{"line":56,"column":25},"end":{"line":60,"column":4}},"17":{"start":{"line":57,"column":18},"end":{"line":57,"column":28}},"18":{"start":{"line":58,"column":26},"end":{"line":58,"column":53}},"19":{"start":{"line":59,"column":4},"end":{"line":59,"column":66}},"20":{"start":{"line":61,"column":2},"end":{"line":69,"column":4}}},"fnMap":{"0":{"name":"RecentProjects","decl":{"start":{"line":11,"column":9},"end":{"line":11,"column":23}},"loc":{"start":{"line":11,"column":26},"end":{"line":70,"column":1}},"line":11},"1":{"name":"(anonymous_1)","decl":{"start":{"line":21,"column":12},"end":{"line":21,"column":13}},"loc":{"start":{"line":21,"column":18},"end":{"line":38,"column":3}},"line":21},"2":{"name":"getProjects","decl":{"start":{"line":22,"column":19},"end":{"line":22,"column":30}},"loc":{"start":{"line":22,"column":33},"end":{"line":35,"column":5}},"line":22},"3":{"name":"confirmError","decl":{"start":{"line":40,"column":11},"end":{"line":40,"column":23}},"loc":{"start":{"line":40,"column":26},"end":{"line":43,"column":3}},"line":40},"4":{"name":"(anonymous_4)","decl":{"start":{"line":56,"column":53},"end":{"line":56,"column":54}},"loc":{"start":{"line":56,"column":66},"end":{"line":60,"column":3}},"line":56}},"branchMap":{"0":{"loc":{"start":{"line":45,"column":2},"end":{"line":48,"column":3}},"type":"if","locations":[{"start":{"line":45,"column":2},"end":{"line":48,"column":3}},{"start":{},"end":{}}],"line":45},"1":{"loc":{"start":{"line":45,"column":6},"end":{"line":45,"column":26}},"type":"binary-expr","locations":[{"start":{"line":45,"column":6},"end":{"line":45,"column":11}},{"start":{"line":45,"column":15},"end":{"line":45,"column":26}}],"line":45},"2":{"loc":{"start":{"line":50,"column":2},"end":{"line":53,"column":3}},"type":"if","locations":[{"start":{"line":50,"column":2},"end":{"line":53,"column":3}},{"start":{},"end":{}}],"line":50},"3":{"loc":{"start":{"line":59,"column":11},"end":{"line":59,"column":65}},"type":"binary-expr","locations":[{"start":{"line":59,"column":11},"end":{"line":59,"column":40}},{"start":{"line":59,"column":44},"end":{"line":59,"column":65}}],"line":59}},"s":{"0":0,"1":0,"2":0,"3":0,"4":0,"5":0,"6":0,"7":0,"8":0,"9":0,"10":0,"11":0,"12":0,"13":0,"14":0,"15":0,"16":0,"17":0,"18":0,"19":0,"20":0},"f":{"0":0,"1":0,"2":0,"3":0,"4":0},"b":{"0":[0,0],"1":[0,0],"2":[0,0],"3":[0,0]}}
,"/Users/amberstruthers/Desktop/uni-software-dev/Dissertation/Code/automist-mobile-3.0/screens/project-screens/ViewProject.js": {"path":"/Users/amberstruthers/Desktop/uni-software-dev/Dissertation/Code/automist-mobile-3.0/screens/project-screens/ViewProject.js","statementMap":{"0":{"start":{"line":18,"column":19},"end":{"line":18,"column":43}},"1":{"start":{"line":19,"column":20},"end":{"line":19,"column":45}},"2":{"start":{"line":25,"column":4},"end":{"line":25,"column":26}},"3":{"start":{"line":29,"column":4},"end":{"line":29,"column":28}},"4":{"start":{"line":34,"column":4},"end":{"line":34,"column":28}},"5":{"start":{"line":37,"column":2},"end":{"line":85,"column":4}},"6":{"start":{"line":46,"column":12},"end":{"line":46,"column":61}},"7":{"start":{"line":61,"column":14},"end":{"line":61,"column":59}},"8":{"start":{"line":90,"column":15},"end":{"line":115,"column":2}}},"fnMap":{"0":{"name":"ViewProject","decl":{"start":{"line":17,"column":9},"end":{"line":17,"column":20}},"loc":{"start":{"line":17,"column":59},"end":{"line":86,"column":1}},"line":17},"1":{"name":"slideDeleteTaskLogic","decl":{"start":{"line":20,"column":11},"end":{"line":20,"column":31}},"loc":{"start":{"line":20,"column":34},"end":{"line":22,"column":3}},"line":20},"2":{"name":"deleteTask","decl":{"start":{"line":24,"column":11},"end":{"line":24,"column":21}},"loc":{"start":{"line":24,"column":24},"end":{"line":26,"column":3}},"line":24},"3":{"name":"updateIssue","decl":{"start":{"line":28,"column":11},"end":{"line":28,"column":22}},"loc":{"start":{"line":28,"column":25},"end":{"line":30,"column":3}},"line":28},"4":{"name":"deleteIssue","decl":{"start":{"line":33,"column":11},"end":{"line":33,"column":22}},"loc":{"start":{"line":33,"column":25},"end":{"line":35,"column":3}},"line":33},"5":{"name":"(anonymous_5)","decl":{"start":{"line":45,"column":19},"end":{"line":45,"column":20}},"loc":{"start":{"line":45,"column":25},"end":{"line":47,"column":11}},"line":45},"6":{"name":"(anonymous_6)","decl":{"start":{"line":60,"column":21},"end":{"line":60,"column":22}},"loc":{"start":{"line":60,"column":27},"end":{"line":62,"column":13}},"line":60}},"branchMap":{},"s":{"0":0,"1":0,"2":0,"3":0,"4":0,"5":0,"6":0,"7":0,"8":0},"f":{"0":0,"1":0,"2":0,"3":0,"4":0,"5":0,"6":0},"b":{}}
,"/Users/amberstruthers/Desktop/uni-software-dev/Dissertation/Code/automist-mobile-3.0/screens/task-screens/AddTask.js": {"path":"/Users/amberstruthers/Desktop/uni-software-dev/Dissertation/Code/automist-mobile-3.0/screens/task-screens/AddTask.js","statementMap":{"0":{"start":{"line":8,"column":23},"end":{"line":8,"column":49}},"1":{"start":{"line":9,"column":20},"end":{"line":9,"column":34}},"2":{"start":{"line":13,"column":4},"end":{"line":13,"column":24}},"3":{"start":{"line":17,"column":4},"end":{"line":17,"column":24}},"4":{"start":{"line":20,"column":2},"end":{"line":38,"column":4}},"5":{"start":{"line":43,"column":15},"end":{"line":54,"column":2}}},"fnMap":{"0":{"name":"AddTask","decl":{"start":{"line":7,"column":9},"end":{"line":7,"column":16}},"loc":{"start":{"line":7,"column":40},"end":{"line":39,"column":1}},"line":7},"1":{"name":"cancelHandler","decl":{"start":{"line":12,"column":11},"end":{"line":12,"column":24}},"loc":{"start":{"line":12,"column":27},"end":{"line":14,"column":3}},"line":12},"2":{"name":"addTaskHandler","decl":{"start":{"line":16,"column":11},"end":{"line":16,"column":25}},"loc":{"start":{"line":16,"column":28},"end":{"line":18,"column":3}},"line":16}},"branchMap":{},"s":{"0":0,"1":0,"2":0,"3":0,"4":0,"5":0},"f":{"0":0,"1":0,"2":0},"b":{}}
,"/Users/amberstruthers/Desktop/uni-software-dev/Dissertation/Code/automist-mobile-3.0/screens/task-screens/TasksOverview.js": {"path":"/Users/amberstruthers/Desktop/uni-software-dev/Dissertation/Code/automist-mobile-3.0/screens/task-screens/TasksOverview.js","statementMap":{"0":{"start":{"line":14,"column":2},"end":{"line":18,"column":4}},"1":{"start":{"line":23,"column":15},"end":{"line":28,"column":2}}},"fnMap":{"0":{"name":"TasksOverview","decl":{"start":{"line":13,"column":9},"end":{"line":13,"column":22}},"loc":{"start":{"line":13,"column":34},"end":{"line":19,"column":1}},"line":13}},"branchMap":{},"s":{"0":0,"1":0},"f":{"0":0},"b":{}}
,"/Users/amberstruthers/Desktop/uni-software-dev/Dissertation/Code/automist-mobile-3.0/store/IssuesContext.js": {"path":"/Users/amberstruthers/Desktop/uni-software-dev/Dissertation/Code/automist-mobile-3.0/store/IssuesContext.js","statementMap":{"0":{"start":{"line":3,"column":21},"end":{"line":55,"column":1}},"1":{"start":{"line":57,"column":29},"end":{"line":76,"column":2}},"2":{"start":{"line":80,"column":2},"end":{"line":97,"column":3}},"3":{"start":{"line":82,"column":17},"end":{"line":82,"column":61}},"4":{"start":{"line":83,"column":6},"end":{"line":83,"column":55}},"5":{"start":{"line":85,"column":36},"end":{"line":87,"column":7}},"6":{"start":{"line":86,"column":19},"end":{"line":86,"column":49}},"7":{"start":{"line":88,"column":30},"end":{"line":88,"column":58}},"8":{"start":{"line":89,"column":26},"end":{"line":89,"column":72}},"9":{"start":{"line":90,"column":28},"end":{"line":90,"column":38}},"10":{"start":{"line":91,"column":6},"end":{"line":91,"column":63}},"11":{"start":{"line":92,"column":6},"end":{"line":92,"column":27}},"12":{"start":{"line":94,"column":6},"end":{"line":94,"column":66}},"13":{"start":{"line":94,"column":37},"end":{"line":94,"column":64}},"14":{"start":{"line":96,"column":6},"end":{"line":96,"column":19}},"15":{"start":{"line":101,"column":34},"end":{"line":101,"column":73}},"16":{"start":{"line":104,"column":4},"end":{"line":104,"column":39}},"17":{"start":{"line":108,"column":4},"end":{"line":108,"column":46}},"18":{"start":{"line":114,"column":4},"end":{"line":114,"column":71}},"19":{"start":{"line":117,"column":16},"end":{"line":122,"column":3}},"20":{"start":{"line":124,"column":2},"end":{"line":126,"column":4}}},"fnMap":{"0":{"name":"(anonymous_0)","decl":{"start":{"line":60,"column":13},"end":{"line":60,"column":14}},"loc":{"start":{"line":66,"column":8},"end":{"line":66,"column":10}},"line":66},"1":{"name":"(anonymous_1)","decl":{"start":{"line":67,"column":12},"end":{"line":67,"column":13}},"loc":{"start":{"line":67,"column":24},"end":{"line":67,"column":26}},"line":67},"2":{"name":"(anonymous_2)","decl":{"start":{"line":71,"column":15},"end":{"line":71,"column":16}},"loc":{"start":{"line":71,"column":23},"end":{"line":71,"column":25}},"line":71},"3":{"name":"(anonymous_3)","decl":{"start":{"line":72,"column":15},"end":{"line":72,"column":16}},"loc":{"start":{"line":75,"column":7},"end":{"line":75,"column":9}},"line":75},"4":{"name":"issuesReducer","decl":{"start":{"line":79,"column":9},"end":{"line":79,"column":22}},"loc":{"start":{"line":79,"column":38},"end":{"line":98,"column":1}},"line":79},"5":{"name":"(anonymous_5)","decl":{"start":{"line":86,"column":8},"end":{"line":86,"column":9}},"loc":{"start":{"line":86,"column":19},"end":{"line":86,"column":49}},"line":86},"6":{"name":"(anonymous_6)","decl":{"start":{"line":94,"column":26},"end":{"line":94,"column":27}},"loc":{"start":{"line":94,"column":37},"end":{"line":94,"column":64}},"line":94},"7":{"name":"IssuesContextProvider","decl":{"start":{"line":100,"column":9},"end":{"line":100,"column":30}},"loc":{"start":{"line":100,"column":45},"end":{"line":127,"column":1}},"line":100},"8":{"name":"addIssue","decl":{"start":{"line":103,"column":11},"end":{"line":103,"column":19}},"loc":{"start":{"line":103,"column":31},"end":{"line":105,"column":3}},"line":103},"9":{"name":"deleteIssue","decl":{"start":{"line":107,"column":11},"end":{"line":107,"column":22}},"loc":{"start":{"line":107,"column":27},"end":{"line":109,"column":3}},"line":107},"10":{"name":"updateIssue","decl":{"start":{"line":113,"column":11},"end":{"line":113,"column":22}},"loc":{"start":{"line":113,"column":38},"end":{"line":115,"column":3}},"line":113}},"branchMap":{"0":{"loc":{"start":{"line":80,"column":2},"end":{"line":97,"column":3}},"type":"switch","locations":[{"start":{"line":81,"column":4},"end":{"line":83,"column":55}},{"start":{"line":84,"column":4},"end":{"line":92,"column":27}},{"start":{"line":93,"column":4},"end":{"line":94,"column":66}},{"start":{"line":95,"column":4},"end":{"line":96,"column":19}}],"line":80}},"s":{"0":0,"1":0,"2":0,"3":0,"4":0,"5":0,"6":0,"7":0,"8":0,"9":0,"10":0,"11":0,"12":0,"13":0,"14":0,"15":0,"16":0,"17":0,"18":0,"19":0,"20":0},"f":{"0":0,"1":0,"2":0,"3":0,"4":0,"5":0,"6":0,"7":0,"8":0,"9":0,"10":0},"b":{"0":[0,0,0,0]}}
,"/Users/amberstruthers/Desktop/uni-software-dev/Dissertation/Code/automist-mobile-3.0/store/ProjectsContext.js": {"path":"/Users/amberstruthers/Desktop/uni-software-dev/Dissertation/Code/automist-mobile-3.0/store/ProjectsContext.js","statementMap":{"0":{"start":{"line":4,"column":31},"end":{"line":12,"column":2}},"1":{"start":{"line":17,"column":2},"end":{"line":46,"column":3}},"2":{"start":{"line":22,"column":6},"end":{"line":22,"column":40}},"3":{"start":{"line":26,"column":34},"end":{"line":26,"column":58}},"4":{"start":{"line":27,"column":6},"end":{"line":27,"column":33}},"5":{"start":{"line":31,"column":37},"end":{"line":33,"column":7}},"6":{"start":{"line":32,"column":21},"end":{"line":32,"column":53}},"7":{"start":{"line":34,"column":32},"end":{"line":34,"column":61}},"8":{"start":{"line":35,"column":26},"end":{"line":35,"column":74}},"9":{"start":{"line":36,"column":30},"end":{"line":36,"column":40}},"10":{"start":{"line":38,"column":6},"end":{"line":38,"column":60}},"11":{"start":{"line":39,"column":6},"end":{"line":39,"column":29}},"12":{"start":{"line":42,"column":6},"end":{"line":42,"column":70}},"13":{"start":{"line":42,"column":39},"end":{"line":42,"column":68}},"14":{"start":{"line":45,"column":6},"end":{"line":45,"column":19}},"15":{"start":{"line":53,"column":36},"end":{"line":53,"column":67}},"16":{"start":{"line":58,"column":4},"end":{"line":58,"column":52}},"17":{"start":{"line":64,"column":4},"end":{"line":64,"column":49}},"18":{"start":{"line":69,"column":4},"end":{"line":69,"column":46}},"19":{"start":{"line":74,"column":4},"end":{"line":74,"column":73}},"20":{"start":{"line":77,"column":16},"end":{"line":83,"column":3}},"21":{"start":{"line":85,"column":2},"end":{"line":89,"column":4}}},"fnMap":{"0":{"name":"(anonymous_0)","decl":{"start":{"line":7,"column":14},"end":{"line":7,"column":15}},"loc":{"start":{"line":7,"column":58},"end":{"line":7,"column":60}},"line":7},"1":{"name":"(anonymous_1)","decl":{"start":{"line":8,"column":15},"end":{"line":8,"column":16}},"loc":{"start":{"line":8,"column":29},"end":{"line":8,"column":31}},"line":8},"2":{"name":"(anonymous_2)","decl":{"start":{"line":9,"column":17},"end":{"line":9,"column":18}},"loc":{"start":{"line":9,"column":25},"end":{"line":9,"column":27}},"line":9},"3":{"name":"(anonymous_3)","decl":{"start":{"line":10,"column":17},"end":{"line":10,"column":18}},"loc":{"start":{"line":10,"column":65},"end":{"line":10,"column":67}},"line":10},"4":{"name":"projectsReducer","decl":{"start":{"line":16,"column":9},"end":{"line":16,"column":24}},"loc":{"start":{"line":16,"column":40},"end":{"line":47,"column":1}},"line":16},"5":{"name":"(anonymous_5)","decl":{"start":{"line":32,"column":8},"end":{"line":32,"column":9}},"loc":{"start":{"line":32,"column":21},"end":{"line":32,"column":53}},"line":32},"6":{"name":"(anonymous_6)","decl":{"start":{"line":42,"column":26},"end":{"line":42,"column":27}},"loc":{"start":{"line":42,"column":39},"end":{"line":42,"column":68}},"line":42},"7":{"name":"ProjectContextProvider","decl":{"start":{"line":50,"column":9},"end":{"line":50,"column":31}},"loc":{"start":{"line":50,"column":46},"end":{"line":90,"column":1}},"line":50},"8":{"name":"addProject","decl":{"start":{"line":56,"column":11},"end":{"line":56,"column":21}},"loc":{"start":{"line":56,"column":35},"end":{"line":59,"column":3}},"line":56},"9":{"name":"setProjects","decl":{"start":{"line":62,"column":11},"end":{"line":62,"column":22}},"loc":{"start":{"line":62,"column":33},"end":{"line":65,"column":3}},"line":62},"10":{"name":"deleteProject","decl":{"start":{"line":68,"column":11},"end":{"line":68,"column":24}},"loc":{"start":{"line":68,"column":29},"end":{"line":70,"column":3}},"line":68},"11":{"name":"updateProject","decl":{"start":{"line":73,"column":11},"end":{"line":73,"column":24}},"loc":{"start":{"line":73,"column":42},"end":{"line":75,"column":3}},"line":73}},"branchMap":{"0":{"loc":{"start":{"line":17,"column":2},"end":{"line":46,"column":3}},"type":"switch","locations":[{"start":{"line":18,"column":4},"end":{"line":22,"column":40}},{"start":{"line":23,"column":4},"end":{"line":27,"column":33}},{"start":{"line":29,"column":4},"end":{"line":39,"column":29}},{"start":{"line":40,"column":4},"end":{"line":42,"column":70}},{"start":{"line":43,"column":4},"end":{"line":45,"column":19}}],"line":17}},"s":{"0":0,"1":0,"2":0,"3":0,"4":0,"5":0,"6":0,"7":0,"8":0,"9":0,"10":0,"11":0,"12":0,"13":0,"14":0,"15":0,"16":0,"17":0,"18":0,"19":0,"20":0,"21":0},"f":{"0":0,"1":0,"2":0,"3":0,"4":0,"5":0,"6":0,"7":0,"8":0,"9":0,"10":0,"11":0},"b":{"0":[0,0,0,0,0]}}
,"/Users/amberstruthers/Desktop/uni-software-dev/Dissertation/Code/automist-mobile-3.0/store/TasksContext.js": {"path":"/Users/amberstruthers/Desktop/uni-software-dev/Dissertation/Code/automist-mobile-3.0/store/TasksContext.js","statementMap":{"0":{"start":{"line":6,"column":20},"end":{"line":37,"column":1}},"1":{"start":{"line":39,"column":28},"end":{"line":44,"column":2}},"2":{"start":{"line":48,"column":2},"end":{"line":58,"column":3}},"3":{"start":{"line":51,"column":17},"end":{"line":51,"column":61}},"4":{"start":{"line":53,"column":6},"end":{"line":53,"column":55}},"5":{"start":{"line":55,"column":6},"end":{"line":55,"column":64}},"6":{"start":{"line":55,"column":36},"end":{"line":55,"column":62}},"7":{"start":{"line":57,"column":6},"end":{"line":57,"column":19}},"8":{"start":{"line":64,"column":33},"end":{"line":64,"column":70}},"9":{"start":{"line":68,"column":4},"end":{"line":68,"column":39}},"10":{"start":{"line":72,"column":4},"end":{"line":72,"column":46}},"11":{"start":{"line":75,"column":16},"end":{"line":79,"column":3}},"12":{"start":{"line":81,"column":2},"end":{"line":83,"column":4}}},"fnMap":{"0":{"name":"(anonymous_0)","decl":{"start":{"line":41,"column":11},"end":{"line":41,"column":12}},"loc":{"start":{"line":41,"column":48},"end":{"line":41,"column":50}},"line":41},"1":{"name":"(anonymous_1)","decl":{"start":{"line":43,"column":14},"end":{"line":43,"column":15}},"loc":{"start":{"line":43,"column":22},"end":{"line":43,"column":24}},"line":43},"2":{"name":"tasksReducer","decl":{"start":{"line":47,"column":9},"end":{"line":47,"column":21}},"loc":{"start":{"line":47,"column":37},"end":{"line":59,"column":1}},"line":47},"3":{"name":"(anonymous_3)","decl":{"start":{"line":55,"column":26},"end":{"line":55,"column":27}},"loc":{"start":{"line":55,"column":36},"end":{"line":55,"column":62}},"line":55},"4":{"name":"TasksContextProvider","decl":{"start":{"line":62,"column":9},"end":{"line":62,"column":29}},"loc":{"start":{"line":62,"column":44},"end":{"line":84,"column":1}},"line":62},"5":{"name":"addTask","decl":{"start":{"line":66,"column":11},"end":{"line":66,"column":18}},"loc":{"start":{"line":66,"column":29},"end":{"line":69,"column":3}},"line":66},"6":{"name":"deleteTask","decl":{"start":{"line":71,"column":11},"end":{"line":71,"column":21}},"loc":{"start":{"line":71,"column":26},"end":{"line":73,"column":3}},"line":71}},"branchMap":{"0":{"loc":{"start":{"line":48,"column":2},"end":{"line":58,"column":3}},"type":"switch","locations":[{"start":{"line":49,"column":4},"end":{"line":53,"column":55}},{"start":{"line":54,"column":4},"end":{"line":55,"column":64}},{"start":{"line":56,"column":4},"end":{"line":57,"column":19}}],"line":48}},"s":{"0":0,"1":0,"2":0,"3":0,"4":0,"5":0,"6":0,"7":0,"8":0,"9":0,"10":0,"11":0,"12":0},"f":{"0":0,"1":0,"2":0,"3":0,"4":0,"5":0,"6":0},"b":{"0":[0,0,0]}}
,"/Users/amberstruthers/Desktop/uni-software-dev/Dissertation/Code/automist-mobile-3.0/store/auth-context.js": {"path":"/Users/amberstruthers/Desktop/uni-software-dev/Dissertation/Code/automist-mobile-3.0/store/auth-context.js","statementMap":{"0":{"start":{"line":5,"column":27},"end":{"line":13,"column":2}},"1":{"start":{"line":17,"column":36},"end":{"line":17,"column":46}},"2":{"start":{"line":19,"column":2},"end":{"line":30,"column":9}},"3":{"start":{"line":22,"column":26},"end":{"line":22,"column":55}},"4":{"start":{"line":24,"column":6},"end":{"line":27,"column":7}},"5":{"start":{"line":26,"column":8},"end":{"line":26,"column":34}},"6":{"start":{"line":29,"column":4},"end":{"line":29,"column":17}},"7":{"start":{"line":34,"column":4},"end":{"line":34,"column":24}},"8":{"start":{"line":36,"column":4},"end":{"line":36,"column":41}},"9":{"start":{"line":41,"column":4},"end":{"line":41,"column":23}},"10":{"start":{"line":44,"column":16},"end":{"line":51,"column":3}},"11":{"start":{"line":53,"column":2},"end":{"line":53,"column":79}}},"fnMap":{"0":{"name":"(anonymous_0)","decl":{"start":{"line":10,"column":16},"end":{"line":10,"column":17}},"loc":{"start":{"line":10,"column":27},"end":{"line":10,"column":29}},"line":10},"1":{"name":"(anonymous_1)","decl":{"start":{"line":12,"column":10},"end":{"line":12,"column":11}},"loc":{"start":{"line":12,"column":16},"end":{"line":12,"column":18}},"line":12},"2":{"name":"AuthContextProvider","decl":{"start":{"line":15,"column":9},"end":{"line":15,"column":28}},"loc":{"start":{"line":15,"column":43},"end":{"line":54,"column":1}},"line":15},"3":{"name":"(anonymous_3)","decl":{"start":{"line":19,"column":12},"end":{"line":19,"column":13}},"loc":{"start":{"line":19,"column":18},"end":{"line":30,"column":3}},"line":19},"4":{"name":"fetchToken","decl":{"start":{"line":20,"column":13},"end":{"line":20,"column":23}},"loc":{"start":{"line":20,"column":26},"end":{"line":28,"column":5}},"line":20},"5":{"name":"authenticate","decl":{"start":{"line":32,"column":11},"end":{"line":32,"column":23}},"loc":{"start":{"line":32,"column":31},"end":{"line":37,"column":3}},"line":32},"6":{"name":"logout","decl":{"start":{"line":39,"column":11},"end":{"line":39,"column":17}},"loc":{"start":{"line":39,"column":20},"end":{"line":42,"column":3}},"line":39}},"branchMap":{"0":{"loc":{"start":{"line":24,"column":6},"end":{"line":27,"column":7}},"type":"if","locations":[{"start":{"line":24,"column":6},"end":{"line":27,"column":7}},{"start":{},"end":{}}],"line":24}},"s":{"0":0,"1":0,"2":0,"3":0,"4":0,"5":0,"6":0,"7":0,"8":0,"9":0,"10":0,"11":0},"f":{"0":0,"1":0,"2":0,"3":0,"4":0,"5":0,"6":0},"b":{"0":[0,0]}}
,"/Users/amberstruthers/Desktop/uni-software-dev/Dissertation/Code/automist-mobile-3.0/util/date.js": {"path":"/Users/amberstruthers/Desktop/uni-software-dev/Dissertation/Code/automist-mobile-3.0/util/date.js","statementMap":{"0":{"start":{"line":2,"column":2},"end":{"line":2,"column":41}},"1":{"start":{"line":16,"column":2},"end":{"line":16,"column":78}}},"fnMap":{"0":{"name":"getFormattedDate","decl":{"start":{"line":1,"column":16},"end":{"line":1,"column":32}},"loc":{"start":{"line":1,"column":39},"end":{"line":3,"column":1}},"line":1},"1":{"name":"getDateMinusDays","decl":{"start":{"line":15,"column":16},"end":{"line":15,"column":32}},"loc":{"start":{"line":15,"column":45},"end":{"line":17,"column":1}},"line":15}},"branchMap":{},"s":{"0":0,"1":0},"f":{"0":0,"1":0},"b":{}}
,"/Users/amberstruthers/Desktop/uni-software-dev/Dissertation/Code/automist-mobile-3.0/util/http.js": {"path":"/Users/amberstruthers/Desktop/uni-software-dev/Dissertation/Code/automist-mobile-3.0/util/http.js","statementMap":{"0":{"start":{"line":3,"column":20},"end":{"line":3,"column":73}},"1":{"start":{"line":7,"column":19},"end":{"line":7,"column":79}},"2":{"start":{"line":9,"column":13},"end":{"line":9,"column":31}},"3":{"start":{"line":10,"column":2},"end":{"line":10,"column":12}},"4":{"start":{"line":15,"column":19},"end":{"line":15,"column":65}},"5":{"start":{"line":17,"column":19},"end":{"line":17,"column":21}},"6":{"start":{"line":20,"column":2},"end":{"line":31,"column":3}},"7":{"start":{"line":22,"column":23},"end":{"line":28,"column":5}},"8":{"start":{"line":30,"column":4},"end":{"line":30,"column":30}},"9":{"start":{"line":33,"column":2},"end":{"line":33,"column":18}},"10":{"start":{"line":40,"column":2},"end":{"line":40,"column":70}},"11":{"start":{"line":45,"column":2},"end":{"line":45,"column":60}}},"fnMap":{"0":{"name":"storeProject","decl":{"start":{"line":5,"column":22},"end":{"line":5,"column":34}},"loc":{"start":{"line":5,"column":48},"end":{"line":11,"column":1}},"line":5},"1":{"name":"fetchProjects","decl":{"start":{"line":14,"column":22},"end":{"line":14,"column":35}},"loc":{"start":{"line":14,"column":38},"end":{"line":34,"column":1}},"line":14},"2":{"name":"updateProject","decl":{"start":{"line":37,"column":16},"end":{"line":37,"column":29}},"loc":{"start":{"line":37,"column":47},"end":{"line":41,"column":1}},"line":37},"3":{"name":"deleteProject","decl":{"start":{"line":43,"column":16},"end":{"line":43,"column":29}},"loc":{"start":{"line":43,"column":34},"end":{"line":46,"column":1}},"line":43}},"branchMap":{},"s":{"0":0,"1":0,"2":0,"3":0,"4":0,"5":0,"6":0,"7":0,"8":0,"9":0,"10":0,"11":0},"f":{"0":0,"1":0,"2":0,"3":0},"b":{}}
,"/Users/amberstruthers/Desktop/uni-software-dev/Dissertation/Code/automist-mobile-3.0/util/authentication/ProtectedResourceFetcher.js": {"path":"/Users/amberstruthers/Desktop/uni-software-dev/Dissertation/Code/automist-mobile-3.0/util/authentication/ProtectedResourceFetcher.js","statementMap":{"0":{"start":{"line":6,"column":46},"end":{"line":6,"column":58}},"1":{"start":{"line":7,"column":18},"end":{"line":7,"column":41}},"2":{"start":{"line":9,"column":16},"end":{"line":9,"column":29}},"3":{"start":{"line":10,"column":2},"end":{"line":20,"column":14}},"4":{"start":{"line":12,"column":4},"end":{"line":19,"column":9}},"5":{"start":{"line":18,"column":8},"end":{"line":18,"column":41}}},"fnMap":{"0":{"name":"ProtectedResourceFetcher","decl":{"start":{"line":5,"column":9},"end":{"line":5,"column":33}},"loc":{"start":{"line":5,"column":36},"end":{"line":21,"column":1}},"line":5},"1":{"name":"(anonymous_1)","decl":{"start":{"line":10,"column":12},"end":{"line":10,"column":13}},"loc":{"start":{"line":10,"column":18},"end":{"line":20,"column":3}},"line":10},"2":{"name":"(anonymous_2)","decl":{"start":{"line":17,"column":12},"end":{"line":17,"column":13}},"loc":{"start":{"line":17,"column":26},"end":{"line":19,"column":7}},"line":17}},"branchMap":{},"s":{"0":0,"1":0,"2":0,"3":0,"4":0,"5":0},"f":{"0":0,"1":0,"2":0},"b":{}}
,"/Users/amberstruthers/Desktop/uni-software-dev/Dissertation/Code/automist-mobile-3.0/util/authentication/auth.js": {"path":"/Users/amberstruthers/Desktop/uni-software-dev/Dissertation/Code/automist-mobile-3.0/util/authentication/auth.js","statementMap":{"0":{"start":{"line":4,"column":16},"end":{"line":4,"column":57}},"1":{"start":{"line":9,"column":14},"end":{"line":9,"column":89}},"2":{"start":{"line":10,"column":19},"end":{"line":16,"column":4}},"3":{"start":{"line":18,"column":2},"end":{"line":18,"column":29}},"4":{"start":{"line":22,"column":16},"end":{"line":22,"column":37}},"5":{"start":{"line":23,"column":2},"end":{"line":23,"column":15}},"6":{"start":{"line":31,"column":2},"end":{"line":31,"column":49}},"7":{"start":{"line":37,"column":2},"end":{"line":37,"column":61}}},"fnMap":{"0":{"name":"authenticate","decl":{"start":{"line":7,"column":15},"end":{"line":7,"column":27}},"loc":{"start":{"line":7,"column":51},"end":{"line":24,"column":1}},"line":7},"1":{"name":"createUser","decl":{"start":{"line":29,"column":16},"end":{"line":29,"column":26}},"loc":{"start":{"line":29,"column":44},"end":{"line":32,"column":1}},"line":29},"2":{"name":"login","decl":{"start":{"line":35,"column":16},"end":{"line":35,"column":21}},"loc":{"start":{"line":35,"column":39},"end":{"line":38,"column":1}},"line":35}},"branchMap":{},"s":{"0":0,"1":0,"2":0,"3":0,"4":0,"5":0,"6":0,"7":0},"f":{"0":0,"1":0,"2":0},"b":{}}
,"/Users/amberstruthers/Desktop/uni-software-dev/Dissertation/Code/automist-mobile-3.0/util/constants/styles.js": {"path":"/Users/amberstruthers/Desktop/uni-software-dev/Dissertation/Code/automist-mobile-3.0/util/constants/styles.js","statementMap":{"0":{"start":{"line":2,"column":28},"end":{"line":18,"column":1}}},"fnMap":{},"branchMap":{},"s":{"0":0},"f":{},"b":{}}
}
