TN:
SF:App.js
FN:30,ProjectsOverview
FN:34,(anonymous_1)
FN:39,(anonymous_2)
FN:44,(anonymous_3)
FN:58,(anonymous_4)
FN:66,(anonymous_5)
FN:78,(anonymous_6)
FN:86,(anonymous_7)
FN:96,AuthStack
FN:113,ProjectsAuthenticated
FN:193,NavigationTree
FN:206,App
FNF:12
FNH:0
FNDA:0,ProjectsOverview
FNDA:0,(anonymous_1)
FNDA:0,(anonymous_2)
FNDA:0,(anonymous_3)
FNDA:0,(anonymous_4)
FNDA:0,(anonymous_5)
FNDA:0,(anonymous_6)
FNDA:0,(anonymous_7)
FNDA:0,AuthStack
FNDA:0,ProjectsAuthenticated
FNDA:0,NavigationTree
FNDA:0,App
DA:26,0
DA:27,0
DA:31,0
DA:32,0
DA:34,0
DA:40,0
DA:45,0
DA:59,0
DA:67,0
DA:79,0
DA:87,0
DA:97,0
DA:114,0
DA:195,0
DA:196,0
DA:207,0
LF:16
LH:0
BRDA:199,0,0,0
BRDA:199,0,1,0
BRDA:201,1,0,0
BRDA:201,1,1,0
BRF:4
BRH:0
end_of_record
TN:
SF:NotesToSelf.js
FNF:0
FNH:0
LF:0
LH:0
BRF:0
BRH:0
end_of_record
TN:
SF:compare.js
FNF:0
FNH:0
LF:0
LH:0
BRF:0
BRH:0
end_of_record
TN:
SF:components/auth/AuthContent.js
FN:10,AuthContent
FN:21,switchAuthMode
FN:31,submitHandler
FNF:3
FNH:0
FNDA:0,AuthContent
FNDA:0,switchAuthMode
FNDA:0,submitHandler
DA:11,0
DA:13,0
DA:22,0
DA:24,0
DA:27,0
DA:32,0
DA:34,0
DA:35,0
DA:38,0
DA:40,0
DA:41,0
DA:42,0
DA:44,0
DA:49,0
DA:50,0
DA:56,0
DA:58,0
DA:61,0
DA:79,0
LF:19
LH:0
BRDA:22,0,0,0
BRDA:22,0,1,0
BRDA:44,1,0,0
BRDA:44,1,1,0
BRDA:45,2,0,0
BRDA:45,2,1,0
BRDA:45,2,2,0
BRDA:45,2,3,0
BRDA:45,2,4,0
BRDA:52,3,0,0
BRDA:52,3,1,0
BRDA:54,4,0,0
BRDA:54,4,1,0
BRDA:70,5,0,0
BRDA:70,5,1,0
BRF:15
BRH:0
end_of_record
TN:
SF:components/auth/AuthForm.js
FN:7,AuthForm
FN:20,updateAuthInputValueHandler
FN:37,submitHandler
FNF:3
FNH:0
FNDA:0,AuthForm
FNDA:0,updateAuthInputValueHandler
FNDA:0,submitHandler
DA:8,0
DA:9,0
DA:10,0
DA:11,0
DA:18,0
DA:21,0
DA:23,0
DA:24,0
DA:26,0
DA:27,0
DA:29,0
DA:30,0
DA:32,0
DA:33,0
DA:38,0
DA:46,0
DA:99,0
LF:17
LH:0
BRDA:21,0,0,0
BRDA:21,0,1,0
BRDA:21,0,2,0
BRDA:21,0,3,0
BRDA:56,1,0,0
BRDA:56,1,1,0
BRDA:75,2,0,0
BRDA:75,2,1,0
BRDA:89,3,0,0
BRDA:89,3,1,0
BRF:10
BRH:0
end_of_record
TN:
SF:components/auth/AuthInput.js
FN:6,AuthInput
FNF:1
FNH:0
FNDA:0,AuthInput
DA:14,0
DA:34,0
LF:2
LH:0
BRDA:16,0,0,0
BRDA:16,0,1,0
BRDA:21,1,0,0
BRDA:21,1,1,0
BRF:4
BRH:0
end_of_record
TN:
SF:components/functional/IssueComponents/IssueInputForm.js
FN:11,IssueInputForm
FN:40,inputChangedHandler
FN:41,(anonymous_2)
FN:48,submitHandler
FN:71,(anonymous_4)
FNF:5
FNH:0
FNDA:0,IssueInputForm
FNDA:0,inputChangedHandler
FNDA:0,(anonymous_2)
FNDA:0,submitHandler
FNDA:0,(anonymous_4)
DA:14,0
DA:41,0
DA:42,0
DA:49,0
DA:57,0
DA:58,0
DA:60,0
DA:62,0
DA:65,0
DA:71,0
DA:72,0
DA:91,0
DA:93,0
DA:96,0
DA:101,0
DA:171,0
LF:16
LH:0
BRDA:18,0,0,0
BRDA:18,0,1,0
BRDA:22,1,0,0
BRDA:22,1,1,0
BRDA:26,2,0,0
BRDA:26,2,1,0
BRDA:32,3,0,0
BRDA:32,3,1,0
BRDA:65,4,0,0
BRDA:65,4,1,0
BRDA:66,5,0,0
BRDA:66,5,1,0
BRDA:66,5,2,0
BRDA:66,5,3,0
BRDA:96,6,0,0
BRDA:96,6,1,0
BRDA:96,6,2,0
BRDA:96,6,3,0
BRDA:155,7,0,0
BRDA:155,7,1,0
BRF:20
BRH:0
end_of_record
TN:
SF:components/functional/IssueComponents/IssueItem.js
FN:14,IssueItem
FN:28,deleteIssueHandler
FN:47,(anonymous_2)
FN:54,(anonymous_3)
FNF:4
FNH:0
FNDA:0,IssueItem
FNDA:0,deleteIssueHandler
FNDA:0,(anonymous_2)
FNDA:0,(anonymous_3)
DA:22,0
DA:23,0
DA:24,0
DA:25,0
DA:26,0
DA:29,0
DA:32,0
DA:48,0
DA:55,0
DA:68,0
LF:10
LH:0
BRF:0
BRH:0
end_of_record
TN:
SF:components/functional/IssueComponents/IssueList.js
FN:13,renderIssue
FN:17,IssueList
FN:27,(anonymous_2)
FNF:3
FNH:0
FNDA:0,renderIssue
FNDA:0,IssueList
FNDA:0,(anonymous_2)
DA:14,0
DA:18,0
DA:27,0
DA:35,0
LF:4
LH:0
BRF:0
BRH:0
end_of_record
TN:
SF:components/functional/ProjectComponents/ProjectInputForm.js
FN:8,ProjectInputForm
FN:44,inputChangedHandler
FN:45,(anonymous_2)
FN:55,submitHandler
FN:78,(anonymous_4)
FNF:5
FNH:0
FNDA:0,ProjectInputForm
FNDA:0,inputChangedHandler
FNDA:0,(anonymous_2)
FNDA:0,submitHandler
FNDA:0,(anonymous_4)
DA:16,0
DA:45,0
DA:47,0
DA:56,0
DA:64,0
DA:65,0
DA:67,0
DA:68,0
DA:70,0
DA:78,0
DA:79,0
DA:92,0
DA:95,0
DA:100,0
DA:105,0
DA:186,0
LF:16
LH:0
BRDA:20,0,0,0
BRDA:20,0,1,0
BRDA:25,1,0,0
BRDA:25,1,1,0
BRDA:30,2,0,0
BRDA:30,2,1,0
BRDA:35,3,0,0
BRDA:35,3,1,0
BRDA:70,4,0,0
BRDA:70,4,1,0
BRDA:71,5,0,0
BRDA:71,5,1,0
BRDA:71,5,2,0
BRDA:71,5,3,0
BRDA:100,6,0,0
BRDA:100,6,1,0
BRDA:100,6,2,0
BRDA:100,6,3,0
BRDA:159,7,0,0
BRDA:159,7,1,0
BRF:20
BRH:0
end_of_record
TN:
SF:components/functional/ProjectComponents/ProjectItem.js
FN:9,ProjectItem
FN:23,projectPressHandler
FN:32,(anonymous_2)
FNF:3
FNH:0
FNDA:0,ProjectItem
FNDA:0,projectPressHandler
FNDA:0,(anonymous_2)
DA:21,0
DA:27,0
DA:30,0
DA:32,0
DA:55,0
LF:5
LH:0
BRDA:32,0,0,0
BRDA:32,0,1,0
BRF:2
BRH:0
end_of_record
TN:
SF:components/functional/ProjectComponents/ProjectsList.js
FN:4,renderProjectItem
FN:8,ProjectList
FN:14,(anonymous_2)
FNF:3
FNH:0
FNDA:0,renderProjectItem
FNDA:0,ProjectList
FNDA:0,(anonymous_2)
DA:5,0
DA:9,0
DA:14,0
LF:3
LH:0
BRF:0
BRH:0
end_of_record
TN:
SF:components/functional/ProjectComponents/ProjectsOutput.js
FN:9,ProjectsOutput
FNF:1
FNH:0
FNDA:0,ProjectsOutput
DA:10,0
DA:13,0
DA:14,0
DA:16,0
DA:27,0
LF:5
LH:0
BRDA:13,0,0,0
BRDA:13,0,1,0
BRF:2
BRH:0
end_of_record
TN:
SF:components/functional/ProjectComponents/ProjectsSummary.js
FN:8,ProjectSummary
FNF:1
FNH:0
FNDA:0,ProjectSummary
DA:10,0
DA:20,0
LF:2
LH:0
BRF:0
BRH:0
end_of_record
TN:
SF:components/functional/TaskComponents/AddTaskInputForm.js
FN:14,AddTaskInput
FN:17,(anonymous_1)
FN:24,(anonymous_2)
FNF:3
FNH:0
FNDA:0,AddTaskInput
FNDA:0,(anonymous_1)
FNDA:0,(anonymous_2)
DA:15,0
DA:17,0
DA:18,0
DA:19,0
DA:22,0
DA:24,0
DA:35,0
LF:7
LH:0
BRF:0
BRH:0
end_of_record
TN:
SF:components/functional/TaskComponents/TaskItem.js
FN:17,TaskItem
FN:24,deleteTask
FN:46,(anonymous_2)
FNF:3
FNH:0
FNDA:0,TaskItem
FNDA:0,deleteTask
FNDA:0,(anonymous_2)
DA:18,0
DA:20,0
DA:21,0
DA:22,0
DA:25,0
DA:28,0
DA:46,0
DA:57,0
LF:8
LH:0
BRF:0
BRH:0
end_of_record
TN:
SF:components/functional/TaskComponents/TaskList.js
FN:14,renderTask
FN:18,TaskList
FN:26,(anonymous_2)
FNF:3
FNH:0
FNDA:0,renderTask
FNDA:0,TaskList
FNDA:0,(anonymous_2)
DA:15,0
DA:19,0
DA:26,0
DA:68,0
LF:4
LH:0
BRF:0
BRH:0
end_of_record
TN:
SF:components/functional/ui/CustomButton.js
FN:4,CustomButton
FN:9,(anonymous_1)
FNF:2
FNH:0
FNDA:0,CustomButton
FNDA:0,(anonymous_1)
DA:5,0
DA:9,0
DA:23,0
LF:3
LH:0
BRDA:9,0,0,0
BRDA:9,0,1,0
BRDA:11,1,0,0
BRDA:11,1,1,0
BRDA:12,2,0,0
BRDA:12,2,1,0
BRF:6
BRH:0
end_of_record
TN:
SF:components/functional/ui/ErrorIndicator.js
FN:5,ErrorIndicator
FNF:1
FNH:0
FNDA:0,ErrorIndicator
DA:6,0
DA:18,0
LF:2
LH:0
BRF:0
BRH:0
end_of_record
TN:
SF:components/functional/ui/FlatButton.js
FN:5,FlatButton
FN:8,(anonymous_1)
FNF:2
FNH:0
FNDA:0,FlatButton
FNDA:0,(anonymous_1)
DA:6,0
DA:8,0
DA:20,0
LF:3
LH:0
BRDA:8,0,0,0
BRDA:8,0,1,0
BRF:2
BRH:0
end_of_record
TN:
SF:components/functional/ui/IconButton.js
FN:4,IconButton
FN:8,(anonymous_1)
FNF:2
FNH:0
FNDA:0,IconButton
FNDA:0,(anonymous_1)
DA:5,0
DA:8,0
DA:19,0
LF:3
LH:0
BRDA:8,0,0,0
BRDA:8,0,1,0
BRF:2
BRH:0
end_of_record
TN:
SF:components/functional/ui/Input.js
FN:5,Input
FNF:1
FNH:0
FNDA:0,Input
DA:6,0
DA:8,0
DA:9,0
DA:11,0
DA:12,0
DA:14,0
DA:27,0
LF:7
LH:0
BRDA:8,0,0,0
BRDA:8,0,1,0
BRDA:8,1,0,0
BRDA:8,1,1,0
BRDA:11,2,0,0
BRDA:11,2,1,0
BRDA:17,3,0,0
BRDA:17,3,1,0
BRF:8
BRH:0
end_of_record
TN:
SF:components/functional/ui/LoadingSpinner.js
FN:4,LoadingSpinner
FNF:1
FNH:0
FNDA:0,LoadingSpinner
DA:5,0
DA:15,0
LF:2
LH:0
BRF:0
BRH:0
end_of_record
TN:
SF:screens/issue-screens/IssuesOverview.js
FN:10,IssuesOverview
FNF:1
FNH:0
FNDA:0,IssuesOverview
DA:11,0
LF:1
LH:0
BRF:0
BRH:0
end_of_record
TN:
SF:screens/issue-screens/UpdateIssue.js
FN:7,UpdateIssue
FN:12,(anonymous_1)
FN:15,cancelHandler
FN:19,updateHandler
FNF:4
FNH:0
FNDA:0,UpdateIssue
FNDA:0,(anonymous_1)
FNDA:0,cancelHandler
FNDA:0,updateHandler
DA:8,0
DA:9,0
DA:10,0
DA:11,0
DA:12,0
DA:16,0
DA:20,0
DA:21,0
DA:29,0
DA:31,0
DA:44,0
LF:11
LH:0
BRDA:20,0,0,0
BRDA:20,0,1,0
BRF:2
BRH:0
end_of_record
TN:
SF:screens/login-screens/CreateAccount.js
FN:8,CreateAccount
FN:13,manageAccountCreation
FNF:2
FNH:0
FNDA:0,CreateAccount
FNDA:0,manageAccountCreation
DA:10,0
DA:11,0
DA:15,0
DA:16,0
DA:18,0
DA:20,0
DA:22,0
DA:26,0
DA:30,0
DA:31,0
DA:34,0
LF:11
LH:0
BRDA:30,0,0,0
BRDA:30,0,1,0
BRF:2
BRH:0
end_of_record
TN:
SF:screens/login-screens/Login.js
FN:8,Login
FN:14,manageLogin
FNF:2
FNH:0
FNDA:0,Login
FNDA:0,manageLogin
DA:10,0
DA:11,0
DA:16,0
DA:18,0
DA:20,0
DA:22,0
DA:25,0
DA:28,0
DA:32,0
DA:33,0
DA:36,0
LF:11
LH:0
BRDA:32,0,0,0
BRDA:32,0,1,0
BRF:2
BRH:0
end_of_record
TN:
SF:screens/project-screens/AllProjects.js
FN:8,AllProjects
FNF:1
FNH:0
FNDA:0,AllProjects
DA:11,0
DA:12,0
LF:2
LH:0
BRF:0
BRH:0
end_of_record
TN:
SF:screens/project-screens/EditProject.js
FN:17,EditProject
FN:28,(anonymous_1)
FN:31,(anonymous_2)
FN:37,deleteProjectHandler
FN:52,cancelHandler
FN:57,confirmHandler
FNF:6
FNH:0
FNDA:0,EditProject
FNDA:0,(anonymous_1)
FNDA:0,(anonymous_2)
FNDA:0,deleteProjectHandler
FNDA:0,cancelHandler
FNDA:0,confirmHandler
DA:18,0
DA:20,0
DA:21,0
DA:23,0
DA:25,0
DA:27,0
DA:28,0
DA:31,0
DA:32,0
DA:39,0
DA:40,0
DA:41,0
DA:43,0
DA:45,0
DA:47,0
DA:48,0
DA:53,0
DA:59,0
DA:60,0
DA:61,0
DA:63,0
DA:65,0
DA:67,0
DA:69,0
DA:74,0
DA:75,0
DA:78,0
DA:80,0
DA:83,0
DA:108,0
LF:30
LH:0
BRDA:61,0,0,0
BRDA:61,0,1,0
BRDA:74,1,0,0
BRDA:74,1,1,0
BRDA:74,2,0,0
BRDA:74,2,1,0
BRDA:78,3,0,0
BRDA:78,3,1,0
BRDA:92,4,0,0
BRDA:92,4,1,0
BRF:10
BRH:0
end_of_record
TN:
SF:screens/project-screens/ManageProjects.js
FN:13,ManageProjects
FN:24,(anonymous_1)
FN:27,(anonymous_2)
FN:34,deleteProjectHandler
FN:49,cancelHandler
FN:54,confirmHandler
FNF:6
FNH:0
FNDA:0,ManageProjects
FNDA:0,(anonymous_1)
FNDA:0,(anonymous_2)
FNDA:0,deleteProjectHandler
FNDA:0,cancelHandler
FNDA:0,confirmHandler
DA:14,0
DA:16,0
DA:17,0
DA:19,0
DA:21,0
DA:23,0
DA:24,0
DA:27,0
DA:29,0
DA:36,0
DA:37,0
DA:38,0
DA:40,0
DA:42,0
DA:44,0
DA:45,0
DA:50,0
DA:56,0
DA:57,0
DA:58,0
DA:60,0
DA:62,0
DA:66,0
DA:67,0
DA:69,0
DA:71,0
DA:76,0
DA:77,0
DA:80,0
DA:82,0
DA:85,0
DA:110,0
LF:32
LH:0
BRDA:30,0,0,0
BRDA:30,0,1,0
BRDA:58,1,0,0
BRDA:58,1,1,0
BRDA:76,2,0,0
BRDA:76,2,1,0
BRDA:76,3,0,0
BRDA:76,3,1,0
BRDA:80,4,0,0
BRDA:80,4,1,0
BRDA:90,5,0,0
BRDA:90,5,1,0
BRDA:94,6,0,0
BRDA:94,6,1,0
BRF:14
BRH:0
end_of_record
TN:
SF:screens/project-screens/RecentProjects.js
FN:11,RecentProjects
FN:21,(anonymous_1)
FN:22,getProjects
FN:40,confirmError
FN:56,(anonymous_4)
FNF:5
FNH:0
FNDA:0,RecentProjects
FNDA:0,(anonymous_1)
FNDA:0,getProjects
FNDA:0,confirmError
FNDA:0,(anonymous_4)
DA:13,0
DA:15,0
DA:18,0
DA:21,0
DA:23,0
DA:25,0
DA:27,0
DA:28,0
DA:31,0
DA:34,0
DA:37,0
DA:42,0
DA:45,0
DA:47,0
DA:50,0
DA:52,0
DA:56,0
DA:57,0
DA:58,0
DA:59,0
DA:61,0
LF:21
LH:0
BRDA:45,0,0,0
BRDA:45,0,1,0
BRDA:45,1,0,0
BRDA:45,1,1,0
BRDA:50,2,0,0
BRDA:50,2,1,0
BRDA:59,3,0,0
BRDA:59,3,1,0
BRF:8
BRH:0
end_of_record
TN:
SF:screens/project-screens/ViewProject.js
FN:17,ViewProject
FN:20,slideDeleteTaskLogic
FN:24,deleteTask
FN:28,updateIssue
FN:33,deleteIssue
FN:45,(anonymous_5)
FN:60,(anonymous_6)
FNF:7
FNH:0
FNDA:0,ViewProject
FNDA:0,slideDeleteTaskLogic
FNDA:0,deleteTask
FNDA:0,updateIssue
FNDA:0,deleteIssue
FNDA:0,(anonymous_5)
FNDA:0,(anonymous_6)
DA:18,0
DA:19,0
DA:25,0
DA:29,0
DA:34,0
DA:37,0
DA:46,0
DA:61,0
DA:90,0
LF:9
LH:0
BRF:0
BRH:0
end_of_record
TN:
SF:screens/task-screens/AddTask.js
FN:7,AddTask
FN:12,cancelHandler
FN:16,addTaskHandler
FNF:3
FNH:0
FNDA:0,AddTask
FNDA:0,cancelHandler
FNDA:0,addTaskHandler
DA:8,0
DA:9,0
DA:13,0
DA:17,0
DA:20,0
DA:43,0
LF:6
LH:0
BRF:0
BRH:0
end_of_record
TN:
SF:screens/task-screens/TasksOverview.js
FN:13,TasksOverview
FNF:1
FNH:0
FNDA:0,TasksOverview
DA:14,0
DA:23,0
LF:2
LH:0
BRF:0
BRH:0
end_of_record
TN:
SF:store/IssuesContext.js
FN:60,(anonymous_0)
FN:67,(anonymous_1)
FN:71,(anonymous_2)
FN:72,(anonymous_3)
FN:79,issuesReducer
FN:86,(anonymous_5)
FN:94,(anonymous_6)
FN:100,IssuesContextProvider
FN:103,addIssue
FN:107,deleteIssue
FN:113,updateIssue
FNF:11
FNH:0
FNDA:0,(anonymous_0)
FNDA:0,(anonymous_1)
FNDA:0,(anonymous_2)
FNDA:0,(anonymous_3)
FNDA:0,issuesReducer
FNDA:0,(anonymous_5)
FNDA:0,(anonymous_6)
FNDA:0,IssuesContextProvider
FNDA:0,addIssue
FNDA:0,deleteIssue
FNDA:0,updateIssue
DA:3,0
DA:57,0
DA:80,0
DA:82,0
DA:83,0
DA:85,0
DA:86,0
DA:88,0
DA:89,0
DA:90,0
DA:91,0
DA:92,0
DA:94,0
DA:96,0
DA:101,0
DA:104,0
DA:108,0
DA:114,0
DA:117,0
DA:124,0
LF:20
LH:0
BRDA:80,0,0,0
BRDA:80,0,1,0
BRDA:80,0,2,0
BRDA:80,0,3,0
BRF:4
BRH:0
end_of_record
TN:
SF:store/ProjectsContext.js
FN:7,(anonymous_0)
FN:8,(anonymous_1)
FN:9,(anonymous_2)
FN:10,(anonymous_3)
FN:16,projectsReducer
FN:32,(anonymous_5)
FN:42,(anonymous_6)
FN:50,ProjectContextProvider
FN:56,addProject
FN:62,setProjects
FN:68,deleteProject
FN:73,updateProject
FNF:12
FNH:0
FNDA:0,(anonymous_0)
FNDA:0,(anonymous_1)
FNDA:0,(anonymous_2)
FNDA:0,(anonymous_3)
FNDA:0,projectsReducer
FNDA:0,(anonymous_5)
FNDA:0,(anonymous_6)
FNDA:0,ProjectContextProvider
FNDA:0,addProject
FNDA:0,setProjects
FNDA:0,deleteProject
FNDA:0,updateProject
DA:4,0
DA:17,0
DA:22,0
DA:26,0
DA:27,0
DA:31,0
DA:32,0
DA:34,0
DA:35,0
DA:36,0
DA:38,0
DA:39,0
DA:42,0
DA:45,0
DA:53,0
DA:58,0
DA:64,0
DA:69,0
DA:74,0
DA:77,0
DA:85,0
LF:21
LH:0
BRDA:17,0,0,0
BRDA:17,0,1,0
BRDA:17,0,2,0
BRDA:17,0,3,0
BRDA:17,0,4,0
BRF:5
BRH:0
end_of_record
TN:
SF:store/TasksContext.js
FN:41,(anonymous_0)
FN:43,(anonymous_1)
FN:47,tasksReducer
FN:55,(anonymous_3)
FN:62,TasksContextProvider
FN:66,addTask
FN:71,deleteTask
FNF:7
FNH:0
FNDA:0,(anonymous_0)
FNDA:0,(anonymous_1)
FNDA:0,tasksReducer
FNDA:0,(anonymous_3)
FNDA:0,TasksContextProvider
FNDA:0,addTask
FNDA:0,deleteTask
DA:6,0
DA:39,0
DA:48,0
DA:51,0
DA:53,0
DA:55,0
DA:57,0
DA:64,0
DA:68,0
DA:72,0
DA:75,0
DA:81,0
LF:12
LH:0
BRDA:48,0,0,0
BRDA:48,0,1,0
BRDA:48,0,2,0
BRF:3
BRH:0
end_of_record
TN:
SF:store/auth-context.js
FN:10,(anonymous_0)
FN:12,(anonymous_1)
FN:15,AuthContextProvider
FN:19,(anonymous_3)
FN:20,fetchToken
FN:32,authenticate
FN:39,logout
FNF:7
FNH:0
FNDA:0,(anonymous_0)
FNDA:0,(anonymous_1)
FNDA:0,AuthContextProvider
FNDA:0,(anonymous_3)
FNDA:0,fetchToken
FNDA:0,authenticate
FNDA:0,logout
DA:5,0
DA:17,0
DA:19,0
DA:22,0
DA:24,0
DA:26,0
DA:29,0
DA:34,0
DA:36,0
DA:41,0
DA:44,0
DA:53,0
LF:12
LH:0
BRDA:24,0,0,0
BRDA:24,0,1,0
BRF:2
BRH:0
end_of_record
TN:
SF:util/date.js
FN:1,getFormattedDate
FN:15,getDateMinusDays
FNF:2
FNH:0
FNDA:0,getFormattedDate
FNDA:0,getDateMinusDays
DA:2,0
DA:16,0
LF:2
LH:0
BRF:0
BRH:0
end_of_record
TN:
SF:util/http.js
FN:5,storeProject
FN:14,fetchProjects
FN:37,updateProject
FN:43,deleteProject
FNF:4
FNH:0
FNDA:0,storeProject
FNDA:0,fetchProjects
FNDA:0,updateProject
FNDA:0,deleteProject
DA:3,0
DA:7,0
DA:9,0
DA:10,0
DA:15,0
DA:17,0
DA:20,0
DA:22,0
DA:30,0
DA:33,0
DA:40,0
DA:45,0
LF:12
LH:0
BRF:0
BRH:0
end_of_record
TN:
SF:util/authentication/ProtectedResourceFetcher.js
FN:5,ProtectedResourceFetcher
FN:10,(anonymous_1)
FN:17,(anonymous_2)
FNF:3
FNH:0
FNDA:0,ProtectedResourceFetcher
FNDA:0,(anonymous_1)
FNDA:0,(anonymous_2)
DA:6,0
DA:7,0
DA:9,0
DA:10,0
DA:12,0
DA:18,0
LF:6
LH:0
BRF:0
BRH:0
end_of_record
TN:
SF:util/authentication/auth.js
FN:7,authenticate
FN:29,createUser
FN:35,login
FNF:3
FNH:0
FNDA:0,authenticate
FNDA:0,createUser
FNDA:0,login
DA:4,0
DA:9,0
DA:10,0
DA:18,0
DA:22,0
DA:23,0
DA:31,0
DA:37,0
LF:8
LH:0
BRF:0
BRH:0
end_of_record
TN:
SF:util/constants/styles.js
FNF:0
FNH:0
DA:2,0
LF:1
LH:0
BRF:0
BRH:0
end_of_record
